2025-06-26 19:14:03,304 saving log, checkpoint and back up code in folder: log/PartnetSemanticSeg-21-Table-L3-res-edge-n14-C64-k9-drop0.5-lr0.005_B6_20250626-191403_34773ddd-12e8-44c2-a6f4-a4ee343f40a5
2025-06-26 19:14:03,304 ==========       args      =============
2025-06-26 19:14:03,304 phase:train
2025-06-26 19:14:03,304 use_cpu:False
2025-06-26 19:14:03,304 data_dir:/home/yusuf/DeepPicking/DeepPicking/data/deepgcn/partnet
2025-06-26 19:14:03,304 dataset:sem_seg_h5
2025-06-26 19:14:03,304 category:Table
2025-06-26 19:14:03,304 level:3
2025-06-26 19:14:03,304 batch_size:6
2025-06-26 19:14:03,304 test_batch_size:10
2025-06-26 19:14:03,304 in_channels:3
2025-06-26 19:14:03,304 data_augment:False
2025-06-26 19:14:03,304 total_epochs:500
2025-06-26 19:14:03,304 iter:-1
2025-06-26 19:14:03,304 lr_adjust_freq:50
2025-06-26 19:14:03,304 lr:0.005
2025-06-26 19:14:03,304 lr_decay_rate:0.9
2025-06-26 19:14:03,304 multi_gpus:False
2025-06-26 19:14:03,304 seed:3
2025-06-26 19:14:03,304 pretrained_model:
2025-06-26 19:14:03,304 k:9
2025-06-26 19:14:03,304 block:res
2025-06-26 19:14:03,304 conv:edge
2025-06-26 19:14:03,304 act:relu
2025-06-26 19:14:03,304 norm:batch
2025-06-26 19:14:03,304 bias:True
2025-06-26 19:14:03,304 n_filters:64
2025-06-26 19:14:03,304 n_blocks:14
2025-06-26 19:14:03,305 dropout:0.5
2025-06-26 19:14:03,305 use_dilation:True
2025-06-26 19:14:03,305 epsilon:0.2
2025-06-26 19:14:03,305 stochastic:True
2025-06-26 19:14:03,305 exp_name:PartnetSemanticSeg
2025-06-26 19:14:03,305 root_dir:log
2025-06-26 19:14:03,305 category_no:21
2025-06-26 19:14:03,305 device:cpu
2025-06-26 19:14:03,305 jobname:PartnetSemanticSeg-21-Table-L3-res-edge-n14-C64-k9-drop0.5-lr0.005_B6
2025-06-26 19:14:03,305 exp_dir:log/PartnetSemanticSeg-21-Table-L3-res-edge-n14-C64-k9-drop0.5-lr0.005_B6_20250626-191403_34773ddd-12e8-44c2-a6f4-a4ee343f40a5
2025-06-26 19:14:03,305 ckpt_dir:log/PartnetSemanticSeg-21-Table-L3-res-edge-n14-C64-k9-drop0.5-lr0.005_B6_20250626-191403_34773ddd-12e8-44c2-a6f4-a4ee343f40a5/checkpoint
2025-06-26 19:14:03,305 code_dir:log/PartnetSemanticSeg-21-Table-L3-res-edge-n14-C64-k9-drop0.5-lr0.005_B6_20250626-191403_34773ddd-12e8-44c2-a6f4-a4ee343f40a5/code
2025-06-26 19:14:03,305 writer:<torch.utils.tensorboard.writer.SummaryWriter object at 0x73fb64ba6ec0>
2025-06-26 19:14:03,305 epoch:-1
2025-06-26 19:14:03,305 step:-1
2025-06-26 19:14:03,305 loglevel:info
2025-06-26 19:14:03,305 ==========     args END    =============
2025-06-26 19:14:03,305 

2025-06-26 19:14:03,305 ===> Phase is train.
2025-06-26 19:14:03,306 ===> Creating dataloader ...
2025-06-26 19:14:03,972 ===> Loading PartNet Category 21-Table, Semantic Segmentation level 3. Has classes 51
2025-06-26 19:14:03,972 ===> Loading the network ...
2025-06-26 19:14:04,011 ===> loading pre-trained ...
2025-06-26 19:14:04,011 ===> No pre-trained model
2025-06-26 19:14:04,011 ===> Init the optimizer ...
2025-06-26 19:14:04,011 ===> Init Metric ...
2025-06-26 19:14:04,012 ===> start training ...
