2025-07-02 22:15:59,730 saving log, checkpoint and back up code in folder: log/PartnetSemanticSeg-1-Bed-L3-res-edge-n28-C64-k9-drop0.5-lr0.005_B6_20250702-221559_e671e862-cea8-49b5-b022-070c7fc9eacc
2025-07-02 22:15:59,730 ==========       args      =============
2025-07-02 22:15:59,730 phase:train
2025-07-02 22:15:59,730 use_cpu:False
2025-07-02 22:15:59,730 data_dir:yusuf/DeepPicking/data/deepgcn/partnet
2025-07-02 22:15:59,730 dataset:sem_seg_h5
2025-07-02 22:15:59,730 category:Bed
2025-07-02 22:15:59,730 level:3
2025-07-02 22:15:59,730 batch_size:6
2025-07-02 22:15:59,730 test_batch_size:10
2025-07-02 22:15:59,730 in_channels:3
2025-07-02 22:15:59,730 data_augment:False
2025-07-02 22:15:59,730 total_epochs:1
2025-07-02 22:15:59,731 iter:-1
2025-07-02 22:15:59,731 lr_adjust_freq:50
2025-07-02 22:15:59,731 lr:0.005
2025-07-02 22:15:59,731 lr_decay_rate:0.9
2025-07-02 22:15:59,731 multi_gpus:False
2025-07-02 22:15:59,731 seed:3
2025-07-02 22:15:59,731 pretrained_model:
2025-07-02 22:15:59,731 k:9
2025-07-02 22:15:59,731 block:res
2025-07-02 22:15:59,731 conv:edge
2025-07-02 22:15:59,731 act:relu
2025-07-02 22:15:59,731 norm:batch
2025-07-02 22:15:59,731 bias:True
2025-07-02 22:15:59,731 n_filters:64
2025-07-02 22:15:59,731 n_blocks:28
2025-07-02 22:15:59,731 dropout:0.5
2025-07-02 22:15:59,731 use_dilation:True
2025-07-02 22:15:59,731 epsilon:0.2
2025-07-02 22:15:59,731 stochastic:True
2025-07-02 22:15:59,731 exp_name:PartnetSemanticSeg
2025-07-02 22:15:59,731 root_dir:log
2025-07-02 22:15:59,731 category_no:1
2025-07-02 22:15:59,731 device:cpu
2025-07-02 22:15:59,731 jobname:PartnetSemanticSeg-1-Bed-L3-res-edge-n28-C64-k9-drop0.5-lr0.005_B6
2025-07-02 22:15:59,731 exp_dir:log/PartnetSemanticSeg-1-Bed-L3-res-edge-n28-C64-k9-drop0.5-lr0.005_B6_20250702-221559_e671e862-cea8-49b5-b022-070c7fc9eacc
2025-07-02 22:15:59,731 ckpt_dir:log/PartnetSemanticSeg-1-Bed-L3-res-edge-n28-C64-k9-drop0.5-lr0.005_B6_20250702-221559_e671e862-cea8-49b5-b022-070c7fc9eacc/checkpoint
2025-07-02 22:15:59,731 code_dir:log/PartnetSemanticSeg-1-Bed-L3-res-edge-n28-C64-k9-drop0.5-lr0.005_B6_20250702-221559_e671e862-cea8-49b5-b022-070c7fc9eacc/code
2025-07-02 22:15:59,731 writer:<torch.utils.tensorboard.writer.SummaryWriter object at 0x7f138114f100>
2025-07-02 22:15:59,731 epoch:-1
2025-07-02 22:15:59,731 step:-1
2025-07-02 22:15:59,731 loglevel:info
2025-07-02 22:15:59,731 ==========     args END    =============
2025-07-02 22:15:59,731 

2025-07-02 22:15:59,731 ===> Phase is train.
2025-07-02 22:15:59,732 ===> Creating dataloader ...
