2025-06-26 21:28:20,203 saving log, checkpoint and back up code in folder: log/PartnetSemanticSeg-1-Bed-L3-res-edge-n4-C64-k9-drop0.5-lr0.005_B6_20250626-212820_8ceb5e28-6487-4a1f-951d-7afa25608661
2025-06-26 21:28:20,203 ==========       args      =============
2025-06-26 21:28:20,203 phase:train
2025-06-26 21:28:20,203 use_cpu:False
2025-06-26 21:28:20,203 data_dir:/home/yusuf/DeepPicking/data/deepgcn/partnet
2025-06-26 21:28:20,203 dataset:sem_seg_h5
2025-06-26 21:28:20,203 category:Bed
2025-06-26 21:28:20,203 level:3
2025-06-26 21:28:20,203 batch_size:6
2025-06-26 21:28:20,203 test_batch_size:10
2025-06-26 21:28:20,203 in_channels:3
2025-06-26 21:28:20,203 data_augment:False
2025-06-26 21:28:20,203 total_epochs:10
2025-06-26 21:28:20,203 iter:-1
2025-06-26 21:28:20,203 lr_adjust_freq:50
2025-06-26 21:28:20,203 lr:0.005
2025-06-26 21:28:20,204 lr_decay_rate:0.9
2025-06-26 21:28:20,204 multi_gpus:False
2025-06-26 21:28:20,204 seed:3
2025-06-26 21:28:20,204 pretrained_model:
2025-06-26 21:28:20,204 k:9
2025-06-26 21:28:20,204 block:res
2025-06-26 21:28:20,204 conv:edge
2025-06-26 21:28:20,204 act:relu
2025-06-26 21:28:20,204 norm:batch
2025-06-26 21:28:20,204 bias:True
2025-06-26 21:28:20,204 n_filters:64
2025-06-26 21:28:20,204 n_blocks:4
2025-06-26 21:28:20,204 dropout:0.5
2025-06-26 21:28:20,204 use_dilation:True
2025-06-26 21:28:20,204 epsilon:0.2
2025-06-26 21:28:20,204 stochastic:True
2025-06-26 21:28:20,204 exp_name:PartnetSemanticSeg
2025-06-26 21:28:20,204 root_dir:log
2025-06-26 21:28:20,204 category_no:1
2025-06-26 21:28:20,204 device:cpu
2025-06-26 21:28:20,204 jobname:PartnetSemanticSeg-1-Bed-L3-res-edge-n4-C64-k9-drop0.5-lr0.005_B6
2025-06-26 21:28:20,204 exp_dir:log/PartnetSemanticSeg-1-Bed-L3-res-edge-n4-C64-k9-drop0.5-lr0.005_B6_20250626-212820_8ceb5e28-6487-4a1f-951d-7afa25608661
2025-06-26 21:28:20,204 ckpt_dir:log/PartnetSemanticSeg-1-Bed-L3-res-edge-n4-C64-k9-drop0.5-lr0.005_B6_20250626-212820_8ceb5e28-6487-4a1f-951d-7afa25608661/checkpoint
2025-06-26 21:28:20,204 code_dir:log/PartnetSemanticSeg-1-Bed-L3-res-edge-n4-C64-k9-drop0.5-lr0.005_B6_20250626-212820_8ceb5e28-6487-4a1f-951d-7afa25608661/code
2025-06-26 21:28:20,204 writer:<torch.utils.tensorboard.writer.SummaryWriter object at 0x786df536f250>
2025-06-26 21:28:20,204 epoch:-1
2025-06-26 21:28:20,204 step:-1
2025-06-26 21:28:20,204 loglevel:info
2025-06-26 21:28:20,204 ==========     args END    =============
2025-06-26 21:28:20,204 

2025-06-26 21:28:20,204 ===> Phase is train.
2025-06-26 21:28:20,205 ===> Creating dataloader ...
2025-06-26 21:28:20,243 ===> Loading PartNet Category 1-Bed, Semantic Segmentation level 3. Has classes 15
2025-06-26 21:28:20,244 ===> Loading the network ...
2025-06-26 21:28:20,269 ===> loading pre-trained ...
2025-06-26 21:28:20,269 ===> No pre-trained model
2025-06-26 21:28:20,269 ===> Init the optimizer ...
2025-06-26 21:28:20,270 ===> Init Metric ...
2025-06-26 21:28:20,270 ===> start training ...
