2025-06-27 08:28:48,793 saving log, checkpoint and back up code in folder: log/PartnetSemanticSeg-4-Chair-L3-res-edge-n2-C64-k9-drop0.5-lr0.005_B6_20250627-082848_33f75311-c48e-45a1-87b5-78caccbe4224
2025-06-27 08:28:48,793 ==========       args      =============
2025-06-27 08:28:48,793 phase:train
2025-06-27 08:28:48,793 use_cpu:False
2025-06-27 08:28:48,793 data_dir:/home/yusuf/DeepPicking/data/deepgcn/partnet
2025-06-27 08:28:48,793 dataset:sem_seg_h5
2025-06-27 08:28:48,793 category:Chair
2025-06-27 08:28:48,793 level:3
2025-06-27 08:28:48,793 batch_size:6
2025-06-27 08:28:48,793 test_batch_size:10
2025-06-27 08:28:48,793 in_channels:3
2025-06-27 08:28:48,793 data_augment:False
2025-06-27 08:28:48,793 total_epochs:1
2025-06-27 08:28:48,793 iter:-1
2025-06-27 08:28:48,793 lr_adjust_freq:50
2025-06-27 08:28:48,793 lr:0.005
2025-06-27 08:28:48,793 lr_decay_rate:0.9
2025-06-27 08:28:48,793 multi_gpus:False
2025-06-27 08:28:48,793 seed:3
2025-06-27 08:28:48,793 pretrained_model:
2025-06-27 08:28:48,793 k:9
2025-06-27 08:28:48,793 block:res
2025-06-27 08:28:48,793 conv:edge
2025-06-27 08:28:48,793 act:relu
2025-06-27 08:28:48,793 norm:batch
2025-06-27 08:28:48,793 bias:True
2025-06-27 08:28:48,793 n_filters:64
2025-06-27 08:28:48,793 n_blocks:2
2025-06-27 08:28:48,793 dropout:0.5
2025-06-27 08:28:48,793 use_dilation:True
2025-06-27 08:28:48,793 epsilon:0.2
2025-06-27 08:28:48,793 stochastic:True
2025-06-27 08:28:48,793 exp_name:PartnetSemanticSeg
2025-06-27 08:28:48,793 root_dir:log
2025-06-27 08:28:48,793 category_no:4
2025-06-27 08:28:48,793 device:cpu
2025-06-27 08:28:48,793 jobname:PartnetSemanticSeg-4-Chair-L3-res-edge-n2-C64-k9-drop0.5-lr0.005_B6
2025-06-27 08:28:48,793 exp_dir:log/PartnetSemanticSeg-4-Chair-L3-res-edge-n2-C64-k9-drop0.5-lr0.005_B6_20250627-082848_33f75311-c48e-45a1-87b5-78caccbe4224
2025-06-27 08:28:48,793 ckpt_dir:log/PartnetSemanticSeg-4-Chair-L3-res-edge-n2-C64-k9-drop0.5-lr0.005_B6_20250627-082848_33f75311-c48e-45a1-87b5-78caccbe4224/checkpoint
2025-06-27 08:28:48,793 code_dir:log/PartnetSemanticSeg-4-Chair-L3-res-edge-n2-C64-k9-drop0.5-lr0.005_B6_20250627-082848_33f75311-c48e-45a1-87b5-78caccbe4224/code
2025-06-27 08:28:48,793 writer:<torch.utils.tensorboard.writer.SummaryWriter object at 0x7a9261c171f0>
2025-06-27 08:28:48,793 epoch:-1
2025-06-27 08:28:48,793 step:-1
2025-06-27 08:28:48,793 loglevel:info
2025-06-27 08:28:48,793 ==========     args END    =============
2025-06-27 08:28:48,793 

2025-06-27 08:28:48,793 ===> Phase is train.
2025-06-27 08:28:48,794 ===> Creating dataloader ...
2025-06-27 08:28:57,079 ===> Loading PartNet Category 4-Chair, Semantic Segmentation level 3. Has classes 39
2025-06-27 08:28:57,080 ===> Loading the network ...
2025-06-27 08:28:57,108 ===> loading pre-trained ...
2025-06-27 08:28:57,108 ===> No pre-trained model
2025-06-27 08:28:57,108 ===> Init the optimizer ...
2025-06-27 08:28:57,108 ===> Init Metric ...
2025-06-27 08:28:57,108 ===> start training ...
