2025-06-26 21:40:56,613 saving log, checkpoint and back up code in folder: log/PartnetSemanticSeg-1-Bed-L3-res-edge-n28-C64-k9-drop0.5-lr0.005_B6_20250626-214056_7317dc05-e06b-49aa-810e-8334285a0bea
2025-06-26 21:40:56,613 ==========       args      =============
2025-06-26 21:40:56,613 phase:train
2025-06-26 21:40:56,613 use_cpu:False
2025-06-26 21:40:56,613 data_dir:/home/yusuf/DeepPicking/data/deepgcn/partnet
2025-06-26 21:40:56,613 dataset:sem_seg_h5
2025-06-26 21:40:56,613 category:Bed
2025-06-26 21:40:56,613 level:3
2025-06-26 21:40:56,613 batch_size:6
2025-06-26 21:40:56,613 test_batch_size:10
2025-06-26 21:40:56,613 in_channels:3
2025-06-26 21:40:56,613 data_augment:False
2025-06-26 21:40:56,613 total_epochs:1
2025-06-26 21:40:56,613 iter:-1
2025-06-26 21:40:56,613 lr_adjust_freq:50
2025-06-26 21:40:56,613 lr:0.005
2025-06-26 21:40:56,613 lr_decay_rate:0.9
2025-06-26 21:40:56,613 multi_gpus:False
2025-06-26 21:40:56,613 seed:3
2025-06-26 21:40:56,613 pretrained_model:
2025-06-26 21:40:56,613 k:9
2025-06-26 21:40:56,613 block:res
2025-06-26 21:40:56,613 conv:edge
2025-06-26 21:40:56,613 act:relu
2025-06-26 21:40:56,613 norm:batch
2025-06-26 21:40:56,613 bias:True
2025-06-26 21:40:56,613 n_filters:64
2025-06-26 21:40:56,613 n_blocks:28
2025-06-26 21:40:56,613 dropout:0.5
2025-06-26 21:40:56,613 use_dilation:True
2025-06-26 21:40:56,613 epsilon:0.2
2025-06-26 21:40:56,613 stochastic:True
2025-06-26 21:40:56,613 exp_name:PartnetSemanticSeg
2025-06-26 21:40:56,613 root_dir:log
2025-06-26 21:40:56,613 category_no:1
2025-06-26 21:40:56,613 device:cpu
2025-06-26 21:40:56,613 jobname:PartnetSemanticSeg-1-Bed-L3-res-edge-n28-C64-k9-drop0.5-lr0.005_B6
2025-06-26 21:40:56,613 exp_dir:log/PartnetSemanticSeg-1-Bed-L3-res-edge-n28-C64-k9-drop0.5-lr0.005_B6_20250626-214056_7317dc05-e06b-49aa-810e-8334285a0bea
2025-06-26 21:40:56,613 ckpt_dir:log/PartnetSemanticSeg-1-Bed-L3-res-edge-n28-C64-k9-drop0.5-lr0.005_B6_20250626-214056_7317dc05-e06b-49aa-810e-8334285a0bea/checkpoint
2025-06-26 21:40:56,613 code_dir:log/PartnetSemanticSeg-1-Bed-L3-res-edge-n28-C64-k9-drop0.5-lr0.005_B6_20250626-214056_7317dc05-e06b-49aa-810e-8334285a0bea/code
2025-06-26 21:40:56,613 writer:<torch.utils.tensorboard.writer.SummaryWriter object at 0x767eb8c131f0>
2025-06-26 21:40:56,613 epoch:-1
2025-06-26 21:40:56,613 step:-1
2025-06-26 21:40:56,613 loglevel:info
2025-06-26 21:40:56,613 ==========     args END    =============
2025-06-26 21:40:56,613 

2025-06-26 21:40:56,613 ===> Phase is train.
2025-06-26 21:40:56,615 ===> Creating dataloader ...
2025-06-26 21:40:56,654 ===> Loading PartNet Category 1-Bed, Semantic Segmentation level 3. Has classes 15
2025-06-26 21:40:56,654 ===> Loading the network ...
2025-06-26 21:40:56,707 ===> loading pre-trained ...
2025-06-26 21:40:56,707 ===> No pre-trained model
2025-06-26 21:40:56,707 ===> Init the optimizer ...
2025-06-26 21:40:56,708 ===> Init Metric ...
2025-06-26 21:40:56,708 ===> start training ...
