2025-06-26 21:27:48,227 saving log, checkpoint and back up code in folder: log/PartnetSemanticSeg-1-Bed-L3-res-edge-n28-C64-k9-drop0.5-lr0.005_B6_20250626-212748_b2ef8c3c-8c13-42ca-9ab3-cc39054c5e50
2025-06-26 21:27:48,227 ==========       args      =============
2025-06-26 21:27:48,227 phase:train
2025-06-26 21:27:48,227 use_cpu:False
2025-06-26 21:27:48,227 data_dir:/home/yusuf/DeepPicking/data/deepgcn/partnet
2025-06-26 21:27:48,227 dataset:sem_seg_h5
2025-06-26 21:27:48,227 category:Bed
2025-06-26 21:27:48,227 level:3
2025-06-26 21:27:48,227 batch_size:6
2025-06-26 21:27:48,227 test_batch_size:10
2025-06-26 21:27:48,227 in_channels:3
2025-06-26 21:27:48,227 data_augment:False
2025-06-26 21:27:48,227 total_epochs:10
2025-06-26 21:27:48,227 iter:-1
2025-06-26 21:27:48,227 lr_adjust_freq:50
2025-06-26 21:27:48,227 lr:0.005
2025-06-26 21:27:48,227 lr_decay_rate:0.9
2025-06-26 21:27:48,227 multi_gpus:False
2025-06-26 21:27:48,227 seed:3
2025-06-26 21:27:48,227 pretrained_model:
2025-06-26 21:27:48,227 k:9
2025-06-26 21:27:48,227 block:res
2025-06-26 21:27:48,227 conv:edge
2025-06-26 21:27:48,227 act:relu
2025-06-26 21:27:48,227 norm:batch
2025-06-26 21:27:48,227 bias:True
2025-06-26 21:27:48,227 n_filters:64
2025-06-26 21:27:48,227 n_blocks:28
2025-06-26 21:27:48,227 dropout:0.5
2025-06-26 21:27:48,227 use_dilation:True
2025-06-26 21:27:48,227 epsilon:0.2
2025-06-26 21:27:48,227 stochastic:True
2025-06-26 21:27:48,227 exp_name:PartnetSemanticSeg
2025-06-26 21:27:48,228 root_dir:log
2025-06-26 21:27:48,228 category_no:1
2025-06-26 21:27:48,228 device:cpu
2025-06-26 21:27:48,228 jobname:PartnetSemanticSeg-1-Bed-L3-res-edge-n28-C64-k9-drop0.5-lr0.005_B6
2025-06-26 21:27:48,228 exp_dir:log/PartnetSemanticSeg-1-Bed-L3-res-edge-n28-C64-k9-drop0.5-lr0.005_B6_20250626-212748_b2ef8c3c-8c13-42ca-9ab3-cc39054c5e50
2025-06-26 21:27:48,228 ckpt_dir:log/PartnetSemanticSeg-1-Bed-L3-res-edge-n28-C64-k9-drop0.5-lr0.005_B6_20250626-212748_b2ef8c3c-8c13-42ca-9ab3-cc39054c5e50/checkpoint
2025-06-26 21:27:48,228 code_dir:log/PartnetSemanticSeg-1-Bed-L3-res-edge-n28-C64-k9-drop0.5-lr0.005_B6_20250626-212748_b2ef8c3c-8c13-42ca-9ab3-cc39054c5e50/code
2025-06-26 21:27:48,228 writer:<torch.utils.tensorboard.writer.SummaryWriter object at 0x73eef48f7190>
2025-06-26 21:27:48,228 epoch:-1
2025-06-26 21:27:48,228 step:-1
2025-06-26 21:27:48,228 loglevel:info
2025-06-26 21:27:48,228 ==========     args END    =============
2025-06-26 21:27:48,228 

2025-06-26 21:27:48,228 ===> Phase is train.
2025-06-26 21:27:48,229 ===> Creating dataloader ...
2025-06-26 21:27:48,269 ===> Loading PartNet Category 1-Bed, Semantic Segmentation level 3. Has classes 15
2025-06-26 21:27:48,269 ===> Loading the network ...
2025-06-26 21:27:48,322 ===> loading pre-trained ...
2025-06-26 21:27:48,322 ===> No pre-trained model
2025-06-26 21:27:48,322 ===> Init the optimizer ...
2025-06-26 21:27:48,323 ===> Init Metric ...
2025-06-26 21:27:48,323 ===> start training ...
