2025-06-27 08:29:17,530 saving log, checkpoint and back up code in folder: log/PartnetSemanticSeg-6-Dishwasher-L3-res-edge-n2-C64-k9-drop0.5-lr0.005_B6_20250627-082917_d394a8ce-f7df-492a-b508-b82a131d6da4
2025-06-27 08:29:17,530 ==========       args      =============
2025-06-27 08:29:17,530 phase:train
2025-06-27 08:29:17,530 use_cpu:False
2025-06-27 08:29:17,530 data_dir:/home/yusuf/DeepPicking/data/deepgcn/partnet
2025-06-27 08:29:17,530 dataset:sem_seg_h5
2025-06-27 08:29:17,531 category:Dishwasher
2025-06-27 08:29:17,531 level:3
2025-06-27 08:29:17,531 batch_size:6
2025-06-27 08:29:17,531 test_batch_size:10
2025-06-27 08:29:17,531 in_channels:3
2025-06-27 08:29:17,531 data_augment:False
2025-06-27 08:29:17,531 total_epochs:1
2025-06-27 08:29:17,531 iter:-1
2025-06-27 08:29:17,531 lr_adjust_freq:50
2025-06-27 08:29:17,531 lr:0.005
2025-06-27 08:29:17,531 lr_decay_rate:0.9
2025-06-27 08:29:17,531 multi_gpus:False
2025-06-27 08:29:17,531 seed:3
2025-06-27 08:29:17,531 pretrained_model:
2025-06-27 08:29:17,531 k:9
2025-06-27 08:29:17,531 block:res
2025-06-27 08:29:17,531 conv:edge
2025-06-27 08:29:17,531 act:relu
2025-06-27 08:29:17,531 norm:batch
2025-06-27 08:29:17,531 bias:True
2025-06-27 08:29:17,531 n_filters:64
2025-06-27 08:29:17,531 n_blocks:2
2025-06-27 08:29:17,531 dropout:0.5
2025-06-27 08:29:17,531 use_dilation:True
2025-06-27 08:29:17,531 epsilon:0.2
2025-06-27 08:29:17,531 stochastic:True
2025-06-27 08:29:17,531 exp_name:PartnetSemanticSeg
2025-06-27 08:29:17,531 root_dir:log
2025-06-27 08:29:17,531 category_no:6
2025-06-27 08:29:17,531 device:cpu
2025-06-27 08:29:17,531 jobname:PartnetSemanticSeg-6-Dishwasher-L3-res-edge-n2-C64-k9-drop0.5-lr0.005_B6
2025-06-27 08:29:17,531 exp_dir:log/PartnetSemanticSeg-6-Dishwasher-L3-res-edge-n2-C64-k9-drop0.5-lr0.005_B6_20250627-082917_d394a8ce-f7df-492a-b508-b82a131d6da4
2025-06-27 08:29:17,531 ckpt_dir:log/PartnetSemanticSeg-6-Dishwasher-L3-res-edge-n2-C64-k9-drop0.5-lr0.005_B6_20250627-082917_d394a8ce-f7df-492a-b508-b82a131d6da4/checkpoint
2025-06-27 08:29:17,531 code_dir:log/PartnetSemanticSeg-6-Dishwasher-L3-res-edge-n2-C64-k9-drop0.5-lr0.005_B6_20250627-082917_d394a8ce-f7df-492a-b508-b82a131d6da4/code
2025-06-27 08:29:17,531 writer:<torch.utils.tensorboard.writer.SummaryWriter object at 0x77141fed31f0>
2025-06-27 08:29:17,531 epoch:-1
2025-06-27 08:29:17,531 step:-1
2025-06-27 08:29:17,531 loglevel:info
2025-06-27 08:29:17,531 ==========     args END    =============
2025-06-27 08:29:17,531 

2025-06-27 08:29:17,531 ===> Phase is train.
2025-06-27 08:29:17,532 ===> Creating dataloader ...
2025-06-27 08:29:17,784 ===> Loading PartNet Category 6-Dishwasher, Semantic Segmentation level 3. Has classes 7
2025-06-27 08:29:17,784 ===> Loading the network ...
2025-06-27 08:29:17,806 ===> loading pre-trained ...
2025-06-27 08:29:17,806 ===> No pre-trained model
2025-06-27 08:29:17,806 ===> Init the optimizer ...
2025-06-27 08:29:17,806 ===> Init Metric ...
2025-06-27 08:29:17,806 ===> start training ...
