2025-07-02 22:15:49,398 saving log, checkpoint and back up code in folder: log/PartnetSemanticSeg-1-Bed-L3-res-edge-n28-C64-k9-drop0.5-lr0.005_B6_20250702-221549_727e7554-57de-44be-84ae-a65df4a3bd75
2025-07-02 22:15:49,398 ==========       args      =============
2025-07-02 22:15:49,398 phase:train
2025-07-02 22:15:49,398 use_cpu:False
2025-07-02 22:15:49,398 data_dir:^Come/yusuf/DeepPicking/data/deepgcn/partnet
2025-07-02 22:15:49,398 dataset:sem_seg_h5
2025-07-02 22:15:49,398 category:Bed
2025-07-02 22:15:49,398 level:3
2025-07-02 22:15:49,398 batch_size:6
2025-07-02 22:15:49,398 test_batch_size:10
2025-07-02 22:15:49,398 in_channels:3
2025-07-02 22:15:49,398 data_augment:False
2025-07-02 22:15:49,398 total_epochs:1
2025-07-02 22:15:49,398 iter:-1
2025-07-02 22:15:49,398 lr_adjust_freq:50
2025-07-02 22:15:49,398 lr:0.005
2025-07-02 22:15:49,398 lr_decay_rate:0.9
2025-07-02 22:15:49,398 multi_gpus:False
2025-07-02 22:15:49,398 seed:3
2025-07-02 22:15:49,398 pretrained_model:
2025-07-02 22:15:49,398 k:9
2025-07-02 22:15:49,398 block:res
2025-07-02 22:15:49,398 conv:edge
2025-07-02 22:15:49,398 act:relu
2025-07-02 22:15:49,398 norm:batch
2025-07-02 22:15:49,398 bias:True
2025-07-02 22:15:49,398 n_filters:64
2025-07-02 22:15:49,398 n_blocks:28
2025-07-02 22:15:49,398 dropout:0.5
2025-07-02 22:15:49,398 use_dilation:True
2025-07-02 22:15:49,398 epsilon:0.2
2025-07-02 22:15:49,398 stochastic:True
2025-07-02 22:15:49,398 exp_name:PartnetSemanticSeg
2025-07-02 22:15:49,398 root_dir:log
2025-07-02 22:15:49,398 category_no:1
2025-07-02 22:15:49,398 device:cpu
2025-07-02 22:15:49,398 jobname:PartnetSemanticSeg-1-Bed-L3-res-edge-n28-C64-k9-drop0.5-lr0.005_B6
2025-07-02 22:15:49,398 exp_dir:log/PartnetSemanticSeg-1-Bed-L3-res-edge-n28-C64-k9-drop0.5-lr0.005_B6_20250702-221549_727e7554-57de-44be-84ae-a65df4a3bd75
2025-07-02 22:15:49,398 ckpt_dir:log/PartnetSemanticSeg-1-Bed-L3-res-edge-n28-C64-k9-drop0.5-lr0.005_B6_20250702-221549_727e7554-57de-44be-84ae-a65df4a3bd75/checkpoint
2025-07-02 22:15:49,398 code_dir:log/PartnetSemanticSeg-1-Bed-L3-res-edge-n28-C64-k9-drop0.5-lr0.005_B6_20250702-221549_727e7554-57de-44be-84ae-a65df4a3bd75/code
2025-07-02 22:15:49,398 writer:<torch.utils.tensorboard.writer.SummaryWriter object at 0x714bb0a5f160>
2025-07-02 22:15:49,398 epoch:-1
2025-07-02 22:15:49,398 step:-1
2025-07-02 22:15:49,398 loglevel:info
2025-07-02 22:15:49,398 ==========     args END    =============
2025-07-02 22:15:49,398 

2025-07-02 22:15:49,398 ===> Phase is train.
2025-07-02 22:15:49,399 ===> Creating dataloader ...
