2025-06-26 21:27:04,036 saving log, checkpoint and back up code in folder: log/PartnetSemanticSeg-1-Bed-L3-res-edge-n28-C64-k9-drop0.5-lr0.005_B6_20250626-212704_d8692194-22d6-4922-b6e6-83b59af260a1
2025-06-26 21:27:04,037 ==========       args      =============
2025-06-26 21:27:04,037 phase:train
2025-06-26 21:27:04,037 use_cpu:False
2025-06-26 21:27:04,037 data_dir:/home/yusuf/DeepPicking/data/deepgcn/partnet
2025-06-26 21:27:04,037 dataset:sem_seg_h5
2025-06-26 21:27:04,037 category:Bed
2025-06-26 21:27:04,037 level:3
2025-06-26 21:27:04,037 batch_size:6
2025-06-26 21:27:04,037 test_batch_size:10
2025-06-26 21:27:04,037 in_channels:3
2025-06-26 21:27:04,037 data_augment:False
2025-06-26 21:27:04,037 total_epochs:10
2025-06-26 21:27:04,037 iter:-1
2025-06-26 21:27:04,037 lr_adjust_freq:50
2025-06-26 21:27:04,037 lr:0.005
2025-06-26 21:27:04,037 lr_decay_rate:0.9
2025-06-26 21:27:04,037 multi_gpus:False
2025-06-26 21:27:04,037 seed:3
2025-06-26 21:27:04,037 pretrained_model:
2025-06-26 21:27:04,037 k:9
2025-06-26 21:27:04,037 block:res
2025-06-26 21:27:04,037 conv:edge
2025-06-26 21:27:04,037 act:relu
2025-06-26 21:27:04,037 norm:batch
2025-06-26 21:27:04,037 bias:True
2025-06-26 21:27:04,037 n_filters:64
2025-06-26 21:27:04,037 n_blocks:28
2025-06-26 21:27:04,037 dropout:0.5
2025-06-26 21:27:04,037 use_dilation:True
2025-06-26 21:27:04,037 epsilon:0.2
2025-06-26 21:27:04,037 stochastic:True
2025-06-26 21:27:04,037 exp_name:PartnetSemanticSeg
2025-06-26 21:27:04,037 root_dir:log
2025-06-26 21:27:04,037 category_no:1
2025-06-26 21:27:04,037 device:cpu
2025-06-26 21:27:04,037 jobname:PartnetSemanticSeg-1-Bed-L3-res-edge-n28-C64-k9-drop0.5-lr0.005_B6
2025-06-26 21:27:04,037 exp_dir:log/PartnetSemanticSeg-1-Bed-L3-res-edge-n28-C64-k9-drop0.5-lr0.005_B6_20250626-212704_d8692194-22d6-4922-b6e6-83b59af260a1
2025-06-26 21:27:04,037 ckpt_dir:log/PartnetSemanticSeg-1-Bed-L3-res-edge-n28-C64-k9-drop0.5-lr0.005_B6_20250626-212704_d8692194-22d6-4922-b6e6-83b59af260a1/checkpoint
2025-06-26 21:27:04,037 code_dir:log/PartnetSemanticSeg-1-Bed-L3-res-edge-n28-C64-k9-drop0.5-lr0.005_B6_20250626-212704_d8692194-22d6-4922-b6e6-83b59af260a1/code
2025-06-26 21:27:04,037 writer:<torch.utils.tensorboard.writer.SummaryWriter object at 0x7501abb8f1c0>
2025-06-26 21:27:04,037 epoch:-1
2025-06-26 21:27:04,037 step:-1
2025-06-26 21:27:04,037 loglevel:info
2025-06-26 21:27:04,037 ==========     args END    =============
2025-06-26 21:27:04,037 

2025-06-26 21:27:04,037 ===> Phase is train.
2025-06-26 21:27:04,038 ===> Creating dataloader ...
2025-06-26 21:27:04,359 ===> Loading PartNet Category 1-Bed, Semantic Segmentation level 3. Has classes 15
2025-06-26 21:27:04,359 ===> Loading the network ...
2025-06-26 21:27:04,402 ===> loading pre-trained ...
2025-06-26 21:27:04,403 ===> No pre-trained model
2025-06-26 21:27:04,403 ===> Init the optimizer ...
2025-06-26 21:27:04,403 ===> Init Metric ...
2025-06-26 21:27:04,403 ===> start training ...
