2025-06-26 21:47:04,434 saving log, checkpoint and back up code in folder: log/PartnetSemanticSeg-1-Bed-L3-res-edge-n2-C64-k9-drop0.5-lr0.005_B6_20250626-214704_1751555d-b98d-43a5-b7e2-7da2211f1d05
2025-06-26 21:47:04,434 ==========       args      =============
2025-06-26 21:47:04,434 phase:train
2025-06-26 21:47:04,434 use_cpu:False
2025-06-26 21:47:04,434 data_dir:/home/yusuf/DeepPicking/data/deepgcn/partnet
2025-06-26 21:47:04,434 dataset:sem_seg_h5
2025-06-26 21:47:04,434 category:Bed
2025-06-26 21:47:04,434 level:3
2025-06-26 21:47:04,434 batch_size:6
2025-06-26 21:47:04,434 test_batch_size:10
2025-06-26 21:47:04,434 in_channels:3
2025-06-26 21:47:04,434 data_augment:False
2025-06-26 21:47:04,434 total_epochs:1
2025-06-26 21:47:04,434 iter:-1
2025-06-26 21:47:04,434 lr_adjust_freq:50
2025-06-26 21:47:04,434 lr:0.005
2025-06-26 21:47:04,434 lr_decay_rate:0.9
2025-06-26 21:47:04,434 multi_gpus:False
2025-06-26 21:47:04,434 seed:3
2025-06-26 21:47:04,434 pretrained_model:
2025-06-26 21:47:04,434 k:9
2025-06-26 21:47:04,434 block:res
2025-06-26 21:47:04,434 conv:edge
2025-06-26 21:47:04,434 act:relu
2025-06-26 21:47:04,434 norm:batch
2025-06-26 21:47:04,434 bias:True
2025-06-26 21:47:04,434 n_filters:64
2025-06-26 21:47:04,434 n_blocks:2
2025-06-26 21:47:04,434 dropout:0.5
2025-06-26 21:47:04,434 use_dilation:True
2025-06-26 21:47:04,435 epsilon:0.2
2025-06-26 21:47:04,435 stochastic:True
2025-06-26 21:47:04,435 exp_name:PartnetSemanticSeg
2025-06-26 21:47:04,435 root_dir:log
2025-06-26 21:47:04,435 category_no:1
2025-06-26 21:47:04,435 device:cpu
2025-06-26 21:47:04,435 jobname:PartnetSemanticSeg-1-Bed-L3-res-edge-n2-C64-k9-drop0.5-lr0.005_B6
2025-06-26 21:47:04,435 exp_dir:log/PartnetSemanticSeg-1-Bed-L3-res-edge-n2-C64-k9-drop0.5-lr0.005_B6_20250626-214704_1751555d-b98d-43a5-b7e2-7da2211f1d05
2025-06-26 21:47:04,435 ckpt_dir:log/PartnetSemanticSeg-1-Bed-L3-res-edge-n2-C64-k9-drop0.5-lr0.005_B6_20250626-214704_1751555d-b98d-43a5-b7e2-7da2211f1d05/checkpoint
2025-06-26 21:47:04,435 code_dir:log/PartnetSemanticSeg-1-Bed-L3-res-edge-n2-C64-k9-drop0.5-lr0.005_B6_20250626-214704_1751555d-b98d-43a5-b7e2-7da2211f1d05/code
2025-06-26 21:47:04,435 writer:<torch.utils.tensorboard.writer.SummaryWriter object at 0x78f972f4b0d0>
2025-06-26 21:47:04,435 epoch:-1
2025-06-26 21:47:04,435 step:-1
2025-06-26 21:47:04,435 loglevel:info
2025-06-26 21:47:04,435 ==========     args END    =============
2025-06-26 21:47:04,435 

2025-06-26 21:47:04,435 ===> Phase is train.
2025-06-26 21:47:04,436 ===> Creating dataloader ...
2025-06-26 21:47:04,475 ===> Loading PartNet Category 1-Bed, Semantic Segmentation level 3. Has classes 15
2025-06-26 21:47:04,475 ===> Loading the network ...
2025-06-26 21:47:04,502 ===> loading pre-trained ...
2025-06-26 21:47:04,502 ===> No pre-trained model
2025-06-26 21:47:04,502 ===> Init the optimizer ...
2025-06-26 21:47:04,502 ===> Init Metric ...
2025-06-26 21:47:04,502 ===> start training ...
2025-07-02 22:12:52,702 saving log, checkpoint and back up code in folder: /home/yusuf/DeepPicking/deep_gcns_torch-master/examples/part_sem_seg/log/PartnetSemanticSeg-1-Bed-L3-res-edge-n2-C64-k9-drop0.5-lr0.005_B6_20250626-214704_1751555d-b98d-43a5-b7e2-7da2211f1d05
2025-07-02 22:12:52,704 ==========       args      =============
2025-07-02 22:12:52,704 phase:test
2025-07-02 22:12:52,704 use_cpu:False
2025-07-02 22:12:52,704 data_dir:/home/yusuf/DeepPicking/data/deepgcn/partnet
2025-07-02 22:12:52,704 dataset:sem_seg_h5
2025-07-02 22:12:52,704 category:Bed
2025-07-02 22:12:52,704 level:3
2025-07-02 22:12:52,705 batch_size:6
2025-07-02 22:12:52,705 test_batch_size:10
2025-07-02 22:12:52,705 in_channels:3
2025-07-02 22:12:52,705 data_augment:False
2025-07-02 22:12:52,705 total_epochs:1
2025-07-02 22:12:52,705 iter:-1
2025-07-02 22:12:52,705 lr_adjust_freq:50
2025-07-02 22:12:52,705 lr:0.005
2025-07-02 22:12:52,705 lr_decay_rate:0.9
2025-07-02 22:12:52,705 multi_gpus:False
2025-07-02 22:12:52,705 seed:3
2025-07-02 22:12:52,705 pretrained_model:/home/yusuf/DeepPicking/deep_gcns_torch-master/examples/part_sem_seg/log/PartnetSemanticSeg-1-Bed-L3-res-edge-n2-C64-k9-drop0.5-lr0.005_B6_20250626-214704_1751555d-b98d-43a5-b7e2-7da2211f1d05/PartnetSemanticSeg-1-Bed-L3-res-edge-n2-C64-k9-drop0.5-lr0.005_B6_20250626-214704_1751555d-b98d-43a5-b7e2-7da2211f1d05.log
2025-07-02 22:12:52,705 k:9
2025-07-02 22:12:52,705 block:res
2025-07-02 22:12:52,705 conv:edge
2025-07-02 22:12:52,705 act:relu
2025-07-02 22:12:52,705 norm:batch
2025-07-02 22:12:52,705 bias:True
2025-07-02 22:12:52,705 n_filters:64
2025-07-02 22:12:52,705 n_blocks:28
2025-07-02 22:12:52,705 dropout:0.5
2025-07-02 22:12:52,705 use_dilation:True
2025-07-02 22:12:52,705 epsilon:0.2
2025-07-02 22:12:52,705 stochastic:True
2025-07-02 22:12:52,705 exp_name:PartnetSemanticSeg
2025-07-02 22:12:52,705 root_dir:log
2025-07-02 22:12:52,705 category_no:1
2025-07-02 22:12:52,705 device:cpu
2025-07-02 22:12:52,705 exp_dir:/home/yusuf/DeepPicking/deep_gcns_torch-master/examples/part_sem_seg/log/PartnetSemanticSeg-1-Bed-L3-res-edge-n2-C64-k9-drop0.5-lr0.005_B6_20250626-214704_1751555d-b98d-43a5-b7e2-7da2211f1d05
2025-07-02 22:12:52,705 res_dir:/home/yusuf/DeepPicking/deep_gcns_torch-master/examples/part_sem_seg/log/PartnetSemanticSeg-1-Bed-L3-res-edge-n2-C64-k9-drop0.5-lr0.005_B6_20250626-214704_1751555d-b98d-43a5-b7e2-7da2211f1d05/result/res/Bed
2025-07-02 22:12:52,705 loglevel:info
2025-07-02 22:12:52,705 ==========     args END    =============
2025-07-02 22:12:52,705 

2025-07-02 22:12:52,705 ===> Phase is test.
2025-07-02 22:12:52,706 ===> Creating dataloader ...
2025-07-02 22:12:52,711 ===> Loading the network ...
2025-07-02 22:12:52,771 ===> loading pre-trained ...
2025-07-02 22:12:52,771 ===> Loading checkpoint '/home/yusuf/DeepPicking/deep_gcns_torch-master/examples/part_sem_seg/log/PartnetSemanticSeg-1-Bed-L3-res-edge-n2-C64-k9-drop0.5-lr0.005_B6_20250626-214704_1751555d-b98d-43a5-b7e2-7da2211f1d05/PartnetSemanticSeg-1-Bed-L3-res-edge-n2-C64-k9-drop0.5-lr0.005_B6_20250626-214704_1751555d-b98d-43a5-b7e2-7da2211f1d05.log'
