2025-06-27 08:17:21,785 saving log, checkpoint and back up code in folder: log/PartnetSemanticSeg-1-Bed-L3-res-edge-n2-C64-k9-drop0.5-lr0.005_B6_20250627-081721_4246add6-ca71-44aa-a543-da26fb871d23
2025-06-27 08:17:21,785 ==========       args      =============
2025-06-27 08:17:21,785 phase:train
2025-06-27 08:17:21,785 use_cpu:False
2025-06-27 08:17:21,785 data_dir:/home/yusuf/DeepPicking/data/deepgcn/partnet
2025-06-27 08:17:21,785 dataset:sem_seg_h5
2025-06-27 08:17:21,785 category:Bed
2025-06-27 08:17:21,785 level:3
2025-06-27 08:17:21,785 batch_size:6
2025-06-27 08:17:21,785 test_batch_size:10
2025-06-27 08:17:21,785 in_channels:3
2025-06-27 08:17:21,785 data_augment:False
2025-06-27 08:17:21,785 total_epochs:1
2025-06-27 08:17:21,785 iter:-1
2025-06-27 08:17:21,785 lr_adjust_freq:50
2025-06-27 08:17:21,785 lr:0.005
2025-06-27 08:17:21,785 lr_decay_rate:0.9
2025-06-27 08:17:21,785 multi_gpus:False
2025-06-27 08:17:21,785 seed:3
2025-06-27 08:17:21,785 pretrained_model:
2025-06-27 08:17:21,785 k:9
2025-06-27 08:17:21,785 block:res
2025-06-27 08:17:21,785 conv:edge
2025-06-27 08:17:21,785 act:relu
2025-06-27 08:17:21,785 norm:batch
2025-06-27 08:17:21,785 bias:True
2025-06-27 08:17:21,785 n_filters:64
2025-06-27 08:17:21,785 n_blocks:2
2025-06-27 08:17:21,785 dropout:0.5
2025-06-27 08:17:21,785 use_dilation:True
2025-06-27 08:17:21,785 epsilon:0.2
2025-06-27 08:17:21,785 stochastic:True
2025-06-27 08:17:21,785 exp_name:PartnetSemanticSeg
2025-06-27 08:17:21,785 root_dir:log
2025-06-27 08:17:21,785 category_no:1
2025-06-27 08:17:21,785 device:cpu
2025-06-27 08:17:21,785 jobname:PartnetSemanticSeg-1-Bed-L3-res-edge-n2-C64-k9-drop0.5-lr0.005_B6
2025-06-27 08:17:21,786 exp_dir:log/PartnetSemanticSeg-1-Bed-L3-res-edge-n2-C64-k9-drop0.5-lr0.005_B6_20250627-081721_4246add6-ca71-44aa-a543-da26fb871d23
2025-06-27 08:17:21,786 ckpt_dir:log/PartnetSemanticSeg-1-Bed-L3-res-edge-n2-C64-k9-drop0.5-lr0.005_B6_20250627-081721_4246add6-ca71-44aa-a543-da26fb871d23/checkpoint
2025-06-27 08:17:21,786 code_dir:log/PartnetSemanticSeg-1-Bed-L3-res-edge-n2-C64-k9-drop0.5-lr0.005_B6_20250627-081721_4246add6-ca71-44aa-a543-da26fb871d23/code
2025-06-27 08:17:21,786 writer:<torch.utils.tensorboard.writer.SummaryWriter object at 0x73b824b73160>
2025-06-27 08:17:21,786 epoch:-1
2025-06-27 08:17:21,786 step:-1
2025-06-27 08:17:21,786 loglevel:info
2025-06-27 08:17:21,786 ==========     args END    =============
2025-06-27 08:17:21,786 

2025-06-27 08:17:21,786 ===> Phase is train.
2025-06-27 08:17:21,786 ===> Creating dataloader ...
2025-06-27 08:17:21,820 ===> Loading PartNet Category 1-Bed, Semantic Segmentation level 3. Has classes 15
2025-06-27 08:17:21,820 ===> Loading the network ...
2025-06-27 08:17:21,843 ===> loading pre-trained ...
2025-06-27 08:17:21,844 ===> No pre-trained model
2025-06-27 08:17:21,844 ===> Init the optimizer ...
2025-06-27 08:17:21,844 ===> Init Metric ...
2025-06-27 08:17:21,844 ===> start training ...
