2025-06-26 21:34:59,590 saving log, checkpoint and back up code in folder: log/PartnetSemanticSeg-1-Bed-L3-res-edge-n4-C64-k9-drop0.5-lr0.005_B6_20250626-213459_ae6f04e4-80ea-4efb-a9d0-6b4145cc768a
2025-06-26 21:34:59,590 ==========       args      =============
2025-06-26 21:34:59,590 phase:train
2025-06-26 21:34:59,590 use_cpu:False
2025-06-26 21:34:59,590 data_dir:/home/yusuf/DeepPicking/data/deepgcn/partnet
2025-06-26 21:34:59,591 dataset:sem_seg_h5
2025-06-26 21:34:59,591 category:Bed
2025-06-26 21:34:59,591 level:3
2025-06-26 21:34:59,591 batch_size:6
2025-06-26 21:34:59,591 test_batch_size:10
2025-06-26 21:34:59,591 in_channels:3
2025-06-26 21:34:59,591 data_augment:False
2025-06-26 21:34:59,591 total_epochs:1
2025-06-26 21:34:59,591 iter:-1
2025-06-26 21:34:59,591 lr_adjust_freq:50
2025-06-26 21:34:59,591 lr:0.005
2025-06-26 21:34:59,591 lr_decay_rate:0.9
2025-06-26 21:34:59,591 multi_gpus:False
2025-06-26 21:34:59,591 seed:3
2025-06-26 21:34:59,591 pretrained_model:
2025-06-26 21:34:59,591 k:9
2025-06-26 21:34:59,591 block:res
2025-06-26 21:34:59,591 conv:edge
2025-06-26 21:34:59,591 act:relu
2025-06-26 21:34:59,591 norm:batch
2025-06-26 21:34:59,591 bias:True
2025-06-26 21:34:59,591 n_filters:64
2025-06-26 21:34:59,591 n_blocks:4
2025-06-26 21:34:59,591 dropout:0.5
2025-06-26 21:34:59,591 use_dilation:True
2025-06-26 21:34:59,591 epsilon:0.2
2025-06-26 21:34:59,591 stochastic:True
2025-06-26 21:34:59,591 exp_name:PartnetSemanticSeg
2025-06-26 21:34:59,591 root_dir:log
2025-06-26 21:34:59,592 category_no:1
2025-06-26 21:34:59,592 device:cpu
2025-06-26 21:34:59,592 jobname:PartnetSemanticSeg-1-Bed-L3-res-edge-n4-C64-k9-drop0.5-lr0.005_B6
2025-06-26 21:34:59,592 exp_dir:log/PartnetSemanticSeg-1-Bed-L3-res-edge-n4-C64-k9-drop0.5-lr0.005_B6_20250626-213459_ae6f04e4-80ea-4efb-a9d0-6b4145cc768a
2025-06-26 21:34:59,592 ckpt_dir:log/PartnetSemanticSeg-1-Bed-L3-res-edge-n4-C64-k9-drop0.5-lr0.005_B6_20250626-213459_ae6f04e4-80ea-4efb-a9d0-6b4145cc768a/checkpoint
2025-06-26 21:34:59,592 code_dir:log/PartnetSemanticSeg-1-Bed-L3-res-edge-n4-C64-k9-drop0.5-lr0.005_B6_20250626-213459_ae6f04e4-80ea-4efb-a9d0-6b4145cc768a/code
2025-06-26 21:34:59,592 writer:<torch.utils.tensorboard.writer.SummaryWriter object at 0x7190277070d0>
2025-06-26 21:34:59,592 epoch:-1
2025-06-26 21:34:59,592 step:-1
2025-06-26 21:34:59,592 loglevel:info
2025-06-26 21:34:59,592 ==========     args END    =============
2025-06-26 21:34:59,592 

2025-06-26 21:34:59,592 ===> Phase is train.
2025-06-26 21:34:59,594 ===> Creating dataloader ...
2025-06-26 21:34:59,634 ===> Loading PartNet Category 1-Bed, Semantic Segmentation level 3. Has classes 15
2025-06-26 21:34:59,634 ===> Loading the network ...
2025-06-26 21:34:59,659 ===> loading pre-trained ...
2025-06-26 21:34:59,659 ===> No pre-trained model
2025-06-26 21:34:59,659 ===> Init the optimizer ...
2025-06-26 21:34:59,660 ===> Init Metric ...
2025-06-26 21:34:59,660 ===> start training ...
