2025-06-27 08:29:08,352 saving log, checkpoint and back up code in folder: log/PartnetSemanticSeg-5-Clock-L3-res-edge-n2-C64-k9-drop0.5-lr0.005_B6_20250627-082908_86ca97a6-2880-4784-9674-77a237e53460
2025-06-27 08:29:08,352 ==========       args      =============
2025-06-27 08:29:08,352 phase:train
2025-06-27 08:29:08,352 use_cpu:False
2025-06-27 08:29:08,352 data_dir:/home/yusuf/DeepPicking/data/deepgcn/partnet
2025-06-27 08:29:08,352 dataset:sem_seg_h5
2025-06-27 08:29:08,352 category:Clock
2025-06-27 08:29:08,352 level:3
2025-06-27 08:29:08,352 batch_size:6
2025-06-27 08:29:08,352 test_batch_size:10
2025-06-27 08:29:08,352 in_channels:3
2025-06-27 08:29:08,352 data_augment:False
2025-06-27 08:29:08,352 total_epochs:1
2025-06-27 08:29:08,352 iter:-1
2025-06-27 08:29:08,352 lr_adjust_freq:50
2025-06-27 08:29:08,352 lr:0.005
2025-06-27 08:29:08,352 lr_decay_rate:0.9
2025-06-27 08:29:08,352 multi_gpus:False
2025-06-27 08:29:08,352 seed:3
2025-06-27 08:29:08,352 pretrained_model:
2025-06-27 08:29:08,352 k:9
2025-06-27 08:29:08,352 block:res
2025-06-27 08:29:08,352 conv:edge
2025-06-27 08:29:08,352 act:relu
2025-06-27 08:29:08,352 norm:batch
2025-06-27 08:29:08,352 bias:True
2025-06-27 08:29:08,352 n_filters:64
2025-06-27 08:29:08,352 n_blocks:2
2025-06-27 08:29:08,352 dropout:0.5
2025-06-27 08:29:08,352 use_dilation:True
2025-06-27 08:29:08,352 epsilon:0.2
2025-06-27 08:29:08,352 stochastic:True
2025-06-27 08:29:08,352 exp_name:PartnetSemanticSeg
2025-06-27 08:29:08,352 root_dir:log
2025-06-27 08:29:08,352 category_no:5
2025-06-27 08:29:08,352 device:cpu
2025-06-27 08:29:08,352 jobname:PartnetSemanticSeg-5-Clock-L3-res-edge-n2-C64-k9-drop0.5-lr0.005_B6
2025-06-27 08:29:08,352 exp_dir:log/PartnetSemanticSeg-5-Clock-L3-res-edge-n2-C64-k9-drop0.5-lr0.005_B6_20250627-082908_86ca97a6-2880-4784-9674-77a237e53460
2025-06-27 08:29:08,353 ckpt_dir:log/PartnetSemanticSeg-5-Clock-L3-res-edge-n2-C64-k9-drop0.5-lr0.005_B6_20250627-082908_86ca97a6-2880-4784-9674-77a237e53460/checkpoint
2025-06-27 08:29:08,353 code_dir:log/PartnetSemanticSeg-5-Clock-L3-res-edge-n2-C64-k9-drop0.5-lr0.005_B6_20250627-082908_86ca97a6-2880-4784-9674-77a237e53460/code
2025-06-27 08:29:08,353 writer:<torch.utils.tensorboard.writer.SummaryWriter object at 0x7078757171c0>
2025-06-27 08:29:08,353 epoch:-1
2025-06-27 08:29:08,353 step:-1
2025-06-27 08:29:08,353 loglevel:info
2025-06-27 08:29:08,353 ==========     args END    =============
2025-06-27 08:29:08,353 

2025-06-27 08:29:08,353 ===> Phase is train.
2025-06-27 08:29:08,354 ===> Creating dataloader ...
2025-06-27 08:29:09,078 ===> Loading PartNet Category 5-Clock, Semantic Segmentation level 3. Has classes 11
2025-06-27 08:29:09,078 ===> Loading the network ...
2025-06-27 08:29:09,098 ===> loading pre-trained ...
2025-06-27 08:29:09,098 ===> No pre-trained model
2025-06-27 08:29:09,098 ===> Init the optimizer ...
2025-06-27 08:29:09,098 ===> Init Metric ...
2025-06-27 08:29:09,098 ===> start training ...
