2025-06-27 08:41:11,745 saving log, checkpoint and back up code in folder: /home/yusuf/DeepPicking/deep_gcns_torch-master/examples/part_sem_seg/pretrained_partnet_ResGCN-28
2025-06-27 08:41:11,745 ==========       args      =============
2025-06-27 08:41:11,745 phase:test
2025-06-27 08:41:11,745 use_cpu:False
2025-06-27 08:41:11,745 data_dir:/home/yusuf/DeepPicking/data/deepgcn/partnet
2025-06-27 08:41:11,745 dataset:sem_seg_h5
2025-06-27 08:41:11,745 category:Bottle
2025-06-27 08:41:11,745 level:3
2025-06-27 08:41:11,745 batch_size:6
2025-06-27 08:41:11,745 test_batch_size:8
2025-06-27 08:41:11,745 in_channels:3
2025-06-27 08:41:11,745 data_augment:False
2025-06-27 08:41:11,745 total_epochs:1
2025-06-27 08:41:11,745 iter:-1
2025-06-27 08:41:11,745 lr_adjust_freq:50
2025-06-27 08:41:11,745 lr:0.005
2025-06-27 08:41:11,745 lr_decay_rate:0.9
2025-06-27 08:41:11,745 multi_gpus:False
2025-06-27 08:41:11,745 seed:3
2025-06-27 08:41:11,745 pretrained_model:/home/yusuf/DeepPicking/deep_gcns_torch-master/examples/part_sem_seg/pretrained_partnet_ResGCN-28/PartnetSemanticSeg-Bottle-L3-res-edge-n28-C64-k9-drop0.5-lr0.005_B6-val_best_model.pth
2025-06-27 08:41:11,745 k:9
2025-06-27 08:41:11,745 block:res
2025-06-27 08:41:11,746 conv:edge
2025-06-27 08:41:11,746 act:relu
2025-06-27 08:41:11,746 norm:batch
2025-06-27 08:41:11,746 bias:True
2025-06-27 08:41:11,746 n_filters:64
2025-06-27 08:41:11,746 n_blocks:28
2025-06-27 08:41:11,746 dropout:0.5
2025-06-27 08:41:11,746 use_dilation:True
2025-06-27 08:41:11,746 epsilon:0.2
2025-06-27 08:41:11,746 stochastic:True
2025-06-27 08:41:11,746 exp_name:PartnetSemanticSeg
2025-06-27 08:41:11,746 root_dir:log
2025-06-27 08:41:11,746 category_no:2
2025-06-27 08:41:11,746 device:cpu
2025-06-27 08:41:11,746 exp_dir:/home/yusuf/DeepPicking/deep_gcns_torch-master/examples/part_sem_seg/pretrained_partnet_ResGCN-28
2025-06-27 08:41:11,746 res_dir:/home/yusuf/DeepPicking/deep_gcns_torch-master/examples/part_sem_seg/pretrained_partnet_ResGCN-28/result/res/Bottle
2025-06-27 08:41:11,746 loglevel:info
2025-06-27 08:41:11,746 ==========     args END    =============
2025-06-27 08:41:11,746 

2025-06-27 08:41:11,746 ===> Phase is test.
2025-06-27 08:41:11,747 ===> Creating dataloader ...
2025-06-27 08:41:11,817 ===> Loading PartNet Category 2-Bottle, Semantic Segmentation level 3. Has classes 9
2025-06-27 08:41:11,817 ===> Loading the network ...
2025-06-27 08:41:11,870 ===> loading pre-trained ...
2025-06-27 08:41:11,870 ===> Loading checkpoint '/home/yusuf/DeepPicking/deep_gcns_torch-master/examples/part_sem_seg/pretrained_partnet_ResGCN-28/PartnetSemanticSeg-Bottle-L3-res-edge-n28-C64-k9-drop0.5-lr0.005_B6-val_best_model.pth'
2025-06-27 08:41:11,923 The pretrained_model is at checkpoint 438.
2025-06-27 08:59:14,159 Finish Testing! Category 2-Bottle Part mIoU is 0.4940 Shape mIoU is 0.6010



2025-06-27 09:05:22,030 saving log, checkpoint and back up code in folder: /home/yusuf/DeepPicking/deep_gcns_torch-master/examples/part_sem_seg/pretrained_partnet_ResGCN-28
2025-06-27 09:05:22,030 ==========       args      =============
2025-06-27 09:05:22,030 phase:test
2025-06-27 09:05:22,030 use_cpu:False
2025-06-27 09:05:22,030 data_dir:/home/yusuf/DeepPicking/data/deepgcn/partnet
2025-06-27 09:05:22,030 dataset:sem_seg_h5
2025-06-27 09:05:22,030 category:Bottle
2025-06-27 09:05:22,030 level:3
2025-06-27 09:05:22,030 batch_size:6
2025-06-27 09:05:22,030 test_batch_size:10
2025-06-27 09:05:22,030 in_channels:3
2025-06-27 09:05:22,030 data_augment:False
2025-06-27 09:05:22,030 total_epochs:1
2025-06-27 09:05:22,030 iter:-1
2025-06-27 09:05:22,030 lr_adjust_freq:50
2025-06-27 09:05:22,030 lr:0.005
2025-06-27 09:05:22,030 lr_decay_rate:0.9
2025-06-27 09:05:22,030 multi_gpus:False
2025-06-27 09:05:22,030 seed:3
2025-06-27 09:05:22,030 pretrained_model:/home/yusuf/DeepPicking/deep_gcns_torch-master/examples/part_sem_seg/pretrained_partnet_ResGCN-28/PartnetSemanticSeg-Bottle-L3-res-edge-n28-C64-k9-drop0.5-lr0.005_B6-val_best_model.pth
2025-06-27 09:05:22,030 k:9
2025-06-27 09:05:22,030 block:res
2025-06-27 09:05:22,030 conv:edge
2025-06-27 09:05:22,030 act:relu
2025-06-27 09:05:22,030 norm:batch
2025-06-27 09:05:22,030 bias:True
2025-06-27 09:05:22,030 n_filters:64
2025-06-27 09:05:22,030 n_blocks:28
2025-06-27 09:05:22,030 dropout:0.5
2025-06-27 09:05:22,030 use_dilation:True
2025-06-27 09:05:22,030 epsilon:0.2
2025-06-27 09:05:22,030 stochastic:True
2025-06-27 09:05:22,030 exp_name:PartnetSemanticSeg
2025-06-27 09:05:22,030 root_dir:log
2025-06-27 09:05:22,030 category_no:2
2025-06-27 09:05:22,030 device:cpu
2025-06-27 09:05:22,030 exp_dir:/home/yusuf/DeepPicking/deep_gcns_torch-master/examples/part_sem_seg/pretrained_partnet_ResGCN-28
2025-06-27 09:05:22,030 res_dir:/home/yusuf/DeepPicking/deep_gcns_torch-master/examples/part_sem_seg/pretrained_partnet_ResGCN-28/result/res/Bottle
2025-06-27 09:05:22,030 loglevel:info
2025-06-27 09:05:22,030 ==========     args END    =============
2025-06-27 09:05:22,030 

2025-06-27 09:05:22,030 ===> Phase is test.
2025-06-27 09:05:22,031 ===> Creating dataloader ...
2025-06-27 09:05:22,049 ===> Loading the network ...
2025-06-27 09:05:22,107 ===> loading pre-trained ...
2025-06-27 09:05:22,107 ===> Loading checkpoint '/home/yusuf/DeepPicking/deep_gcns_torch-master/examples/part_sem_seg/pretrained_partnet_ResGCN-28/PartnetSemanticSeg-Bottle-L3-res-edge-n28-C64-k9-drop0.5-lr0.005_B6-val_best_model.pth'
2025-06-27 09:05:22,167 The pretrained_model is at checkpoint 438.
2025-06-27 09:23:53,675 ===> Finish Testing! Category 2-Bottle, Part mIOU is 0.4940 


 
2025-06-27 09:30:06,017 saving log, checkpoint and back up code in folder: /home/yusuf/DeepPicking/deep_gcns_torch-master/examples/part_sem_seg/pretrained_partnet_ResGCN-28
2025-06-27 09:30:06,017 ==========       args      =============
2025-06-27 09:30:06,017 phase:test
2025-06-27 09:30:06,017 use_cpu:False
2025-06-27 09:30:06,017 data_dir:/home/yusuf/DeepPicking/data/deepgcn/partnet
2025-06-27 09:30:06,017 dataset:sem_seg_h5
2025-06-27 09:30:06,017 category:Chair
2025-06-27 09:30:06,017 level:3
2025-06-27 09:30:06,017 batch_size:6
2025-06-27 09:30:06,017 test_batch_size:1
2025-06-27 09:30:06,017 in_channels:3
2025-06-27 09:30:06,017 data_augment:False
2025-06-27 09:30:06,017 total_epochs:1
2025-06-27 09:30:06,017 iter:-1
2025-06-27 09:30:06,017 lr_adjust_freq:50
2025-06-27 09:30:06,017 lr:0.005
2025-06-27 09:30:06,017 lr_decay_rate:0.9
2025-06-27 09:30:06,017 multi_gpus:False
2025-06-27 09:30:06,017 seed:3
2025-06-27 09:30:06,017 pretrained_model:/home/yusuf/DeepPicking/deep_gcns_torch-master/examples/part_sem_seg/pretrained_partnet_ResGCN-28/PartnetSemanticSeg-Chair-L3-res-edge-n28-C64-k9-drop0.5-lr0.005_B6-val_best_model.pth
2025-06-27 09:30:06,017 k:9
2025-06-27 09:30:06,017 block:res
2025-06-27 09:30:06,017 conv:edge
2025-06-27 09:30:06,017 act:relu
2025-06-27 09:30:06,017 norm:batch
2025-06-27 09:30:06,017 bias:True
2025-06-27 09:30:06,017 n_filters:64
2025-06-27 09:30:06,018 n_blocks:28
2025-06-27 09:30:06,018 dropout:0.5
2025-06-27 09:30:06,018 use_dilation:True
2025-06-27 09:30:06,018 epsilon:0.2
2025-06-27 09:30:06,018 stochastic:True
2025-06-27 09:30:06,018 exp_name:PartnetSemanticSeg
2025-06-27 09:30:06,018 root_dir:log
2025-06-27 09:30:06,018 category_no:4
2025-06-27 09:30:06,018 device:cpu
2025-06-27 09:30:06,018 exp_dir:/home/yusuf/DeepPicking/deep_gcns_torch-master/examples/part_sem_seg/pretrained_partnet_ResGCN-28
2025-06-27 09:30:06,018 res_dir:/home/yusuf/DeepPicking/deep_gcns_torch-master/examples/part_sem_seg/pretrained_partnet_ResGCN-28/result/res/Chair
2025-06-27 09:30:06,018 loglevel:info
2025-06-27 09:30:06,018 ==========     args END    =============
2025-06-27 09:30:06,018 

2025-06-27 09:30:06,018 ===> Phase is test.
2025-06-27 09:30:06,018 ===> Creating dataloader ...
2025-06-27 09:30:06,882 ===> Loading PartNet Category 4-Chair, Semantic Segmentation level 3. Has classes 39
2025-06-27 09:30:06,882 ===> Loading the network ...
2025-06-27 09:30:06,927 ===> loading pre-trained ...
2025-06-27 09:30:06,927 ===> Loading checkpoint '/home/yusuf/DeepPicking/deep_gcns_torch-master/examples/part_sem_seg/pretrained_partnet_ResGCN-28/PartnetSemanticSeg-Chair-L3-res-edge-n28-C64-k9-drop0.5-lr0.005_B6-val_best_model.pth'
2025-06-27 09:30:06,985 The pretrained_model is at checkpoint 124.
2025-06-27 14:04:51,609 Finish Testing! Category 4-Chair Part mIoU is 0.4146 Shape mIoU is 0.4788



2025-06-27 16:48:23,986 saving log, checkpoint and back up code in folder: /home/yusuf/DeepPicking/deep_gcns_torch-master/examples/part_sem_seg/pretrained_partnet_ResGCN-28
2025-06-27 16:48:23,987 ==========       args      =============
2025-06-27 16:48:23,987 phase:test
2025-06-27 16:48:23,987 use_cpu:False
2025-06-27 16:48:23,987 data_dir:/home/yusuf/DeepPicking/data/deepgcn/partnet
2025-06-27 16:48:23,987 dataset:sem_seg_h5
2025-06-27 16:48:23,987 category:Chair
2025-06-27 16:48:23,987 level:3
2025-06-27 16:48:23,987 batch_size:6
2025-06-27 16:48:23,987 test_batch_size:10
2025-06-27 16:48:23,987 in_channels:3
2025-06-27 16:48:23,987 data_augment:False
2025-06-27 16:48:23,987 total_epochs:1
2025-06-27 16:48:23,987 iter:-1
2025-06-27 16:48:23,987 lr_adjust_freq:50
2025-06-27 16:48:23,987 lr:0.005
2025-06-27 16:48:23,987 lr_decay_rate:0.9
2025-06-27 16:48:23,987 multi_gpus:False
2025-06-27 16:48:23,987 seed:3
2025-06-27 16:48:23,987 pretrained_model:/home/yusuf/DeepPicking/deep_gcns_torch-master/examples/part_sem_seg/pretrained_partnet_ResGCN-28/PartnetSemanticSeg-Chair-L3-res-edge-n28-C64-k9-drop0.5-lr0.005_B6-val_best_model.pth
2025-06-27 16:48:23,987 k:9
2025-06-27 16:48:23,987 block:res
2025-06-27 16:48:23,987 conv:edge
2025-06-27 16:48:23,987 act:relu
2025-06-27 16:48:23,987 norm:batch
2025-06-27 16:48:23,987 bias:True
2025-06-27 16:48:23,987 n_filters:64
2025-06-27 16:48:23,988 n_blocks:28
2025-06-27 16:48:23,988 dropout:0.5
2025-06-27 16:48:23,988 use_dilation:True
2025-06-27 16:48:23,988 epsilon:0.2
2025-06-27 16:48:23,988 stochastic:True
2025-06-27 16:48:23,988 exp_name:PartnetSemanticSeg
2025-06-27 16:48:23,988 root_dir:log
2025-06-27 16:48:23,988 category_no:4
2025-06-27 16:48:23,988 device:cpu
2025-06-27 16:48:23,988 exp_dir:/home/yusuf/DeepPicking/deep_gcns_torch-master/examples/part_sem_seg/pretrained_partnet_ResGCN-28
2025-06-27 16:48:23,988 res_dir:/home/yusuf/DeepPicking/deep_gcns_torch-master/examples/part_sem_seg/pretrained_partnet_ResGCN-28/result/res/Chair
2025-06-27 16:48:23,988 loglevel:info
2025-06-27 16:48:23,988 ==========     args END    =============
2025-06-27 16:48:23,988 

2025-06-27 16:48:23,988 ===> Phase is test.
2025-06-27 16:48:23,990 ===> Creating dataloader ...
2025-06-27 16:48:24,261 ===> Loading the network ...
2025-06-27 16:48:24,324 ===> loading pre-trained ...
2025-06-27 16:48:24,324 ===> Loading checkpoint '/home/yusuf/DeepPicking/deep_gcns_torch-master/examples/part_sem_seg/pretrained_partnet_ResGCN-28/PartnetSemanticSeg-Chair-L3-res-edge-n28-C64-k9-drop0.5-lr0.005_B6-val_best_model.pth'
2025-06-27 16:48:24,398 The pretrained_model is at checkpoint 124.
2025-07-02 12:07:02,118 saving log, checkpoint and back up code in folder: /home/yusuf/DeepPicking/deep_gcns_torch-master/examples/part_sem_seg/pretrained_partnet_ResGCN-28
2025-07-02 12:07:02,118 ==========       args      =============
2025-07-02 12:07:02,118 phase:test
2025-07-02 12:07:02,118 use_cpu:False
2025-07-02 12:07:02,118 data_dir:/home/yusuf/DeepPicking/data/deepgcn/partnet
2025-07-02 12:07:02,118 dataset:sem_seg_h5
2025-07-02 12:07:02,119 category:Clock
2025-07-02 12:07:02,119 level:3
2025-07-02 12:07:02,119 batch_size:6
2025-07-02 12:07:02,119 test_batch_size:10
2025-07-02 12:07:02,119 in_channels:3
2025-07-02 12:07:02,119 data_augment:False
2025-07-02 12:07:02,119 total_epochs:1
2025-07-02 12:07:02,119 iter:-1
2025-07-02 12:07:02,119 lr_adjust_freq:50
2025-07-02 12:07:02,119 lr:0.005
2025-07-02 12:07:02,119 lr_decay_rate:0.9
2025-07-02 12:07:02,119 multi_gpus:False
2025-07-02 12:07:02,119 seed:3
2025-07-02 12:07:02,119 pretrained_model:/home/yusuf/DeepPicking/deep_gcns_torch-master/examples/part_sem_seg/pretrained_partnet_ResGCN-28/PartnetSemanticSeg-Clock-L3-res-edge-n28-C64-k9-drop0.5-lr0.005_B6-val_best_model.pth
2025-07-02 12:07:02,119 k:9
2025-07-02 12:07:02,119 block:res
2025-07-02 12:07:02,119 conv:edge
2025-07-02 12:07:02,119 act:relu
2025-07-02 12:07:02,119 norm:batch
2025-07-02 12:07:02,119 bias:True
2025-07-02 12:07:02,119 n_filters:64
2025-07-02 12:07:02,119 n_blocks:28
2025-07-02 12:07:02,119 dropout:0.5
2025-07-02 12:07:02,119 use_dilation:True
2025-07-02 12:07:02,119 epsilon:0.2
2025-07-02 12:07:02,119 stochastic:True
2025-07-02 12:07:02,119 exp_name:PartnetSemanticSeg
2025-07-02 12:07:02,119 root_dir:log
2025-07-02 12:07:02,119 category_no:5
2025-07-02 12:07:02,119 device:cpu
2025-07-02 12:07:02,119 exp_dir:/home/yusuf/DeepPicking/deep_gcns_torch-master/examples/part_sem_seg/pretrained_partnet_ResGCN-28
2025-07-02 12:07:02,119 res_dir:/home/yusuf/DeepPicking/deep_gcns_torch-master/examples/part_sem_seg/pretrained_partnet_ResGCN-28/result/res/Clock
2025-07-02 12:07:02,119 loglevel:info
2025-07-02 12:07:02,119 ==========     args END    =============
2025-07-02 12:07:02,119 

2025-07-02 12:07:02,119 ===> Phase is test.
2025-07-02 12:07:02,121 ===> Creating dataloader ...
2025-07-02 12:07:02,148 ===> Loading the network ...
2025-07-02 12:07:02,200 ===> loading pre-trained ...
2025-07-02 12:07:02,200 ===> Loading checkpoint '/home/yusuf/DeepPicking/deep_gcns_torch-master/examples/part_sem_seg/pretrained_partnet_ResGCN-28/PartnetSemanticSeg-Clock-L3-res-edge-n28-C64-k9-drop0.5-lr0.005_B6-val_best_model.pth'
2025-07-02 12:07:02,270 The pretrained_model is at checkpoint 281.
2025-07-02 12:28:36,047 ===> Finish Testing! Category 5-Clock, Part mIOU is 0.3395 


 
2025-07-02 12:39:49,748 saving log, checkpoint and back up code in folder: /home/yusuf/DeepPicking/deep_gcns_torch-master/examples/part_sem_seg/pretrained_partnet_ResGCN-28
2025-07-02 12:39:49,748 ==========       args      =============
2025-07-02 12:39:49,748 phase:test
2025-07-02 12:39:49,748 use_cpu:False
2025-07-02 12:39:49,748 data_dir:/home/yusuf/DeepPicking/data/deepgcn/partnet
2025-07-02 12:39:49,748 dataset:sem_seg_h5
2025-07-02 12:39:49,748 category:Lamp
2025-07-02 12:39:49,748 level:3
2025-07-02 12:39:49,748 batch_size:6
2025-07-02 12:39:49,748 test_batch_size:10
2025-07-02 12:39:49,748 in_channels:3
2025-07-02 12:39:49,748 data_augment:False
2025-07-02 12:39:49,748 total_epochs:1
2025-07-02 12:39:49,748 iter:-1
2025-07-02 12:39:49,748 lr_adjust_freq:50
2025-07-02 12:39:49,748 lr:0.005
2025-07-02 12:39:49,748 lr_decay_rate:0.9
2025-07-02 12:39:49,748 multi_gpus:False
2025-07-02 12:39:49,748 seed:3
2025-07-02 12:39:49,748 pretrained_model:/home/yusuf/DeepPicking/deep_gcns_torch-master/examples/part_sem_seg/pretrained_partnet_ResGCN-28/PartnetSemanticSeg-Lamp-L3-res-edge-n28-C64-k9-drop0.5-lr0.005_B6-val_best_model.pth
2025-07-02 12:39:49,748 k:9
2025-07-02 12:39:49,748 block:res
2025-07-02 12:39:49,748 conv:edge
2025-07-02 12:39:49,748 act:relu
2025-07-02 12:39:49,748 norm:batch
2025-07-02 12:39:49,748 bias:True
2025-07-02 12:39:49,748 n_filters:64
2025-07-02 12:39:49,748 n_blocks:28
2025-07-02 12:39:49,749 dropout:0.5
2025-07-02 12:39:49,749 use_dilation:True
2025-07-02 12:39:49,749 epsilon:0.2
2025-07-02 12:39:49,749 stochastic:True
2025-07-02 12:39:49,749 exp_name:PartnetSemanticSeg
2025-07-02 12:39:49,749 root_dir:log
2025-07-02 12:39:49,749 category_no:14
2025-07-02 12:39:49,749 device:cpu
2025-07-02 12:39:49,749 exp_dir:/home/yusuf/DeepPicking/deep_gcns_torch-master/examples/part_sem_seg/pretrained_partnet_ResGCN-28
2025-07-02 12:39:49,749 res_dir:/home/yusuf/DeepPicking/deep_gcns_torch-master/examples/part_sem_seg/pretrained_partnet_ResGCN-28/result/res/Lamp
2025-07-02 12:39:49,749 loglevel:info
2025-07-02 12:39:49,749 ==========     args END    =============
2025-07-02 12:39:49,749 

2025-07-02 12:39:49,749 ===> Phase is test.
2025-07-02 12:39:49,749 ===> Creating dataloader ...
2025-07-02 12:39:52,532 ===> Loading the network ...
2025-07-02 12:39:52,576 ===> loading pre-trained ...
2025-07-02 12:39:52,576 ===> Loading checkpoint '/home/yusuf/DeepPicking/deep_gcns_torch-master/examples/part_sem_seg/pretrained_partnet_ResGCN-28/PartnetSemanticSeg-Lamp-L3-res-edge-n28-C64-k9-drop0.5-lr0.005_B6-val_best_model.pth'
2025-07-02 12:39:52,644 The pretrained_model is at checkpoint 348.
2025-07-02 12:58:45,732 saving log, checkpoint and back up code in folder: /home/yusuf/DeepPicking/deep_gcns_torch-master/examples/part_sem_seg/pretrained_partnet_ResGCN-28
2025-07-02 12:58:45,732 ==========       args      =============
2025-07-02 12:58:45,732 phase:test
2025-07-02 12:58:45,732 use_cpu:False
2025-07-02 12:58:45,732 data_dir:/home/yusuf/DeepPicking/data/deepgcn/partnet
2025-07-02 12:58:45,732 dataset:sem_seg_h5
2025-07-02 12:58:45,732 category:Earphone
2025-07-02 12:58:45,732 level:3
2025-07-02 12:58:45,732 batch_size:6
2025-07-02 12:58:45,732 test_batch_size:10
2025-07-02 12:58:45,732 in_channels:3
2025-07-02 12:58:45,732 data_augment:False
2025-07-02 12:58:45,732 total_epochs:1
2025-07-02 12:58:45,732 iter:-1
2025-07-02 12:58:45,732 lr_adjust_freq:50
2025-07-02 12:58:45,732 lr:0.005
2025-07-02 12:58:45,732 lr_decay_rate:0.9
2025-07-02 12:58:45,732 multi_gpus:False
2025-07-02 12:58:45,732 seed:3
2025-07-02 12:58:45,732 pretrained_model:/home/yusuf/DeepPicking/deep_gcns_torch-master/examples/part_sem_seg/pretrained_partnet_ResGCN-28/PartnetSemanticSeg-Earphone-L3-res-edge-n28-C64-k9-drop0.5-lr0.005_B6-val_best_model.pth
2025-07-02 12:58:45,732 k:9
2025-07-02 12:58:45,732 block:res
2025-07-02 12:58:45,732 conv:edge
2025-07-02 12:58:45,732 act:relu
2025-07-02 12:58:45,732 norm:batch
2025-07-02 12:58:45,732 bias:True
2025-07-02 12:58:45,733 n_filters:64
2025-07-02 12:58:45,733 n_blocks:28
2025-07-02 12:58:45,733 dropout:0.5
2025-07-02 12:58:45,733 use_dilation:True
2025-07-02 12:58:45,733 epsilon:0.2
2025-07-02 12:58:45,733 stochastic:True
2025-07-02 12:58:45,733 exp_name:PartnetSemanticSeg
2025-07-02 12:58:45,733 root_dir:log
2025-07-02 12:58:45,733 category_no:9
2025-07-02 12:58:45,733 device:cpu
2025-07-02 12:58:45,733 exp_dir:/home/yusuf/DeepPicking/deep_gcns_torch-master/examples/part_sem_seg/pretrained_partnet_ResGCN-28
2025-07-02 12:58:45,733 res_dir:/home/yusuf/DeepPicking/deep_gcns_torch-master/examples/part_sem_seg/pretrained_partnet_ResGCN-28/result/res/Earphone
2025-07-02 12:58:45,733 loglevel:info
2025-07-02 12:58:45,733 ==========     args END    =============
2025-07-02 12:58:45,733 

2025-07-02 12:58:45,733 ===> Phase is test.
2025-07-02 12:58:45,733 ===> Creating dataloader ...
2025-07-02 12:58:46,045 ===> Loading the network ...
2025-07-02 12:58:46,093 ===> loading pre-trained ...
2025-07-02 12:58:46,093 ===> Loading checkpoint '/home/yusuf/DeepPicking/deep_gcns_torch-master/examples/part_sem_seg/pretrained_partnet_ResGCN-28/PartnetSemanticSeg-Earphone-L3-res-edge-n28-C64-k9-drop0.5-lr0.005_B6-val_best_model.pth'
2025-07-02 12:58:46,167 The pretrained_model is at checkpoint 446.
2025-07-02 14:28:29,073 saving log, checkpoint and back up code in folder: /home/yusuf/DeepPicking/deep_gcns_torch-master/examples/part_sem_seg/pretrained_partnet_ResGCN-28
2025-07-02 14:28:29,073 ==========       args      =============
2025-07-02 14:28:29,073 phase:test
2025-07-02 14:28:29,073 use_cpu:False
2025-07-02 14:28:29,073 data_dir:/home/yusuf/DeepPicking/data/deepgcn/partnet
2025-07-02 14:28:29,073 dataset:sem_seg_h5
2025-07-02 14:28:29,073 category:Lamp
2025-07-02 14:28:29,073 level:3
2025-07-02 14:28:29,073 batch_size:6
2025-07-02 14:28:29,073 test_batch_size:10
2025-07-02 14:28:29,073 in_channels:3
2025-07-02 14:28:29,073 data_augment:False
2025-07-02 14:28:29,073 total_epochs:1
2025-07-02 14:28:29,073 iter:-1
2025-07-02 14:28:29,073 lr_adjust_freq:50
2025-07-02 14:28:29,073 lr:0.005
2025-07-02 14:28:29,073 lr_decay_rate:0.9
2025-07-02 14:28:29,073 multi_gpus:False
2025-07-02 14:28:29,073 seed:3
2025-07-02 14:28:29,073 pretrained_model:/home/yusuf/DeepPicking/deep_gcns_torch-master/examples/part_sem_seg/pretrained_partnet_ResGCN-28/PartnetSemanticSeg-Lamp-L3-res-edge-n28-C64-k9-drop0.5-lr0.005_B6-val_best_model.pth
2025-07-02 14:28:29,073 k:9
2025-07-02 14:28:29,073 block:res
2025-07-02 14:28:29,073 conv:edge
2025-07-02 14:28:29,073 act:relu
2025-07-02 14:28:29,073 norm:batch
2025-07-02 14:28:29,073 bias:True
2025-07-02 14:28:29,073 n_filters:64
2025-07-02 14:28:29,073 n_blocks:28
2025-07-02 14:28:29,073 dropout:0.5
2025-07-02 14:28:29,073 use_dilation:True
2025-07-02 14:28:29,073 epsilon:0.2
2025-07-02 14:28:29,073 stochastic:True
2025-07-02 14:28:29,073 exp_name:PartnetSemanticSeg
2025-07-02 14:28:29,073 root_dir:log
2025-07-02 14:28:29,073 category_no:14
2025-07-02 14:28:29,073 device:cpu
2025-07-02 14:28:29,073 exp_dir:/home/yusuf/DeepPicking/deep_gcns_torch-master/examples/part_sem_seg/pretrained_partnet_ResGCN-28
2025-07-02 14:28:29,073 res_dir:/home/yusuf/DeepPicking/deep_gcns_torch-master/examples/part_sem_seg/pretrained_partnet_ResGCN-28/result/res/Lamp
2025-07-02 14:28:29,073 loglevel:info
2025-07-02 14:28:29,073 ==========     args END    =============
2025-07-02 14:28:29,073 

2025-07-02 14:28:29,073 ===> Phase is test.
2025-07-02 14:28:29,074 ===> Creating dataloader ...
2025-07-02 14:28:29,168 ===> Loading the network ...
2025-07-02 14:28:29,216 ===> loading pre-trained ...
2025-07-02 14:28:29,217 ===> Loading checkpoint '/home/yusuf/DeepPicking/deep_gcns_torch-master/examples/part_sem_seg/pretrained_partnet_ResGCN-28/PartnetSemanticSeg-Lamp-L3-res-edge-n28-C64-k9-drop0.5-lr0.005_B6-val_best_model.pth'
2025-07-02 14:28:29,285 The pretrained_model is at checkpoint 348.
2025-07-02 14:30:38,376 saving log, checkpoint and back up code in folder: /home/yusuf/DeepPicking/deep_gcns_torch-master/examples/part_sem_seg/pretrained_partnet_ResGCN-28
2025-07-02 14:30:38,376 ==========       args      =============
2025-07-02 14:30:38,376 phase:test
2025-07-02 14:30:38,376 use_cpu:False
2025-07-02 14:30:38,376 data_dir:/home/yusuf/DeepPicking/data/deepgcn/partnet
2025-07-02 14:30:38,376 dataset:sem_seg_h5
2025-07-02 14:30:38,376 category:Lamp
2025-07-02 14:30:38,376 level:3
2025-07-02 14:30:38,376 batch_size:6
2025-07-02 14:30:38,376 test_batch_size:10
2025-07-02 14:30:38,376 in_channels:3
2025-07-02 14:30:38,376 data_augment:False
2025-07-02 14:30:38,376 total_epochs:1
2025-07-02 14:30:38,376 iter:-1
2025-07-02 14:30:38,376 lr_adjust_freq:50
2025-07-02 14:30:38,376 lr:0.005
2025-07-02 14:30:38,376 lr_decay_rate:0.9
2025-07-02 14:30:38,376 multi_gpus:False
2025-07-02 14:30:38,376 seed:3
2025-07-02 14:30:38,376 pretrained_model:/home/yusuf/DeepPicking/deep_gcns_torch-master/examples/part_sem_seg/pretrained_partnet_ResGCN-28/PartnetSemanticSeg-Lamp-L3-res-edge-n28-C64-k9-drop0.5-lr0.005_B6-val_best_model.pth
2025-07-02 14:30:38,376 k:9
2025-07-02 14:30:38,376 block:res
2025-07-02 14:30:38,376 conv:edge
2025-07-02 14:30:38,376 act:relu
2025-07-02 14:30:38,376 norm:batch
2025-07-02 14:30:38,376 bias:True
2025-07-02 14:30:38,376 n_filters:64
2025-07-02 14:30:38,376 n_blocks:28
2025-07-02 14:30:38,376 dropout:0.5
2025-07-02 14:30:38,376 use_dilation:True
2025-07-02 14:30:38,376 epsilon:0.2
2025-07-02 14:30:38,376 stochastic:True
2025-07-02 14:30:38,376 exp_name:PartnetSemanticSeg
2025-07-02 14:30:38,376 root_dir:log
2025-07-02 14:30:38,376 category_no:14
2025-07-02 14:30:38,377 device:cpu
2025-07-02 14:30:38,377 exp_dir:/home/yusuf/DeepPicking/deep_gcns_torch-master/examples/part_sem_seg/pretrained_partnet_ResGCN-28
2025-07-02 14:30:38,377 res_dir:/home/yusuf/DeepPicking/deep_gcns_torch-master/examples/part_sem_seg/pretrained_partnet_ResGCN-28/result/res/Lamp
2025-07-02 14:30:38,377 loglevel:info
2025-07-02 14:30:38,377 ==========     args END    =============
2025-07-02 14:30:38,377 

2025-07-02 14:30:38,377 ===> Phase is test.
2025-07-02 14:30:38,378 ===> Creating dataloader ...
2025-07-02 14:30:38,412 ===> Loading the network ...
2025-07-02 14:30:38,458 ===> loading pre-trained ...
2025-07-02 14:30:38,458 ===> Loading checkpoint '/home/yusuf/DeepPicking/deep_gcns_torch-master/examples/part_sem_seg/pretrained_partnet_ResGCN-28/PartnetSemanticSeg-Lamp-L3-res-edge-n28-C64-k9-drop0.5-lr0.005_B6-val_best_model.pth'
2025-07-02 14:30:38,498 The pretrained_model is at checkpoint 348.
2025-07-02 14:32:04,319 saving log, checkpoint and back up code in folder: /home/yusuf/DeepPicking/deep_gcns_torch-master/examples/part_sem_seg/pretrained_partnet_ResGCN-28
2025-07-02 14:32:04,319 ==========       args      =============
2025-07-02 14:32:04,319 phase:test
2025-07-02 14:32:04,319 use_cpu:False
2025-07-02 14:32:04,319 data_dir:/home/yusuf/DeepPicking/data/deepgcn/partnet
2025-07-02 14:32:04,319 dataset:sem_seg_h5
2025-07-02 14:32:04,319 category:Faucet
2025-07-02 14:32:04,319 level:3
2025-07-02 14:32:04,319 batch_size:6
2025-07-02 14:32:04,319 test_batch_size:10
2025-07-02 14:32:04,319 in_channels:3
2025-07-02 14:32:04,319 data_augment:False
2025-07-02 14:32:04,319 total_epochs:1
2025-07-02 14:32:04,319 iter:-1
2025-07-02 14:32:04,319 lr_adjust_freq:50
2025-07-02 14:32:04,319 lr:0.005
2025-07-02 14:32:04,319 lr_decay_rate:0.9
2025-07-02 14:32:04,319 multi_gpus:False
2025-07-02 14:32:04,319 seed:3
2025-07-02 14:32:04,319 pretrained_model:/home/yusuf/DeepPicking/deep_gcns_torch-master/examples/part_sem_seg/pretrained_partnet_ResGCN-28/PartnetSemanticSeg-Faucet-L3-res-edge-n28-C64-k9-drop0.5-lr0.005_B6-val_best_model.pth
2025-07-02 14:32:04,319 k:9
2025-07-02 14:32:04,319 block:res
2025-07-02 14:32:04,319 conv:edge
2025-07-02 14:32:04,319 act:relu
2025-07-02 14:32:04,319 norm:batch
2025-07-02 14:32:04,319 bias:True
2025-07-02 14:32:04,319 n_filters:64
2025-07-02 14:32:04,319 n_blocks:28
2025-07-02 14:32:04,319 dropout:0.5
2025-07-02 14:32:04,319 use_dilation:True
2025-07-02 14:32:04,319 epsilon:0.2
2025-07-02 14:32:04,319 stochastic:True
2025-07-02 14:32:04,319 exp_name:PartnetSemanticSeg
2025-07-02 14:32:04,319 root_dir:log
2025-07-02 14:32:04,319 category_no:10
2025-07-02 14:32:04,319 device:cpu
2025-07-02 14:32:04,319 exp_dir:/home/yusuf/DeepPicking/deep_gcns_torch-master/examples/part_sem_seg/pretrained_partnet_ResGCN-28
2025-07-02 14:32:04,319 res_dir:/home/yusuf/DeepPicking/deep_gcns_torch-master/examples/part_sem_seg/pretrained_partnet_ResGCN-28/result/res/Faucet
2025-07-02 14:32:04,320 loglevel:info
2025-07-02 14:32:04,320 ==========     args END    =============
2025-07-02 14:32:04,320 

2025-07-02 14:32:04,320 ===> Phase is test.
2025-07-02 14:32:04,320 ===> Creating dataloader ...
2025-07-02 14:32:05,168 ===> Loading the network ...
2025-07-02 14:32:05,209 ===> loading pre-trained ...
2025-07-02 14:32:05,209 ===> Loading checkpoint '/home/yusuf/DeepPicking/deep_gcns_torch-master/examples/part_sem_seg/pretrained_partnet_ResGCN-28/PartnetSemanticSeg-Faucet-L3-res-edge-n28-C64-k9-drop0.5-lr0.005_B6-val_best_model.pth'
2025-07-02 14:32:05,279 The pretrained_model is at checkpoint 473.
2025-07-02 15:00:15,833 ===> Finish Testing! Category 10-Faucet, Part mIOU is 0.5226 


 
2025-07-02 17:43:51,397 saving log, checkpoint and back up code in folder: /home/yusuf/DeepPicking/deep_gcns_torch-master/examples/part_sem_seg/pretrained_partnet_ResGCN-28
2025-07-02 17:43:51,397 ==========       args      =============
2025-07-02 17:43:51,397 phase:test
2025-07-02 17:43:51,397 use_cpu:False
2025-07-02 17:43:51,398 data_dir:/home/yusuf/DeepPicking/data/deepgcn/partnet
2025-07-02 17:43:51,398 dataset:sem_seg_h5
2025-07-02 17:43:51,398 category:StorageFurniture
2025-07-02 17:43:51,398 level:3
2025-07-02 17:43:51,398 batch_size:6
2025-07-02 17:43:51,398 test_batch_size:10
2025-07-02 17:43:51,398 in_channels:3
2025-07-02 17:43:51,398 data_augment:False
2025-07-02 17:43:51,398 total_epochs:1
2025-07-02 17:43:51,398 iter:-1
2025-07-02 17:43:51,398 lr_adjust_freq:50
2025-07-02 17:43:51,398 lr:0.005
2025-07-02 17:43:51,398 lr_decay_rate:0.9
2025-07-02 17:43:51,398 multi_gpus:False
2025-07-02 17:43:51,398 seed:3
2025-07-02 17:43:51,398 pretrained_model:/home/yusuf/DeepPicking/deep_gcns_torch-master/examples/part_sem_seg/pretrained_partnet_ResGCN-28/PartnetSemanticSeg-StorageFurniture-L3-res-edge-n28-C64-k9-drop0.5-lr0.005_B6-val_best_model.pth
2025-07-02 17:43:51,398 k:9
2025-07-02 17:43:51,398 block:res
2025-07-02 17:43:51,398 conv:edge
2025-07-02 17:43:51,398 act:relu
2025-07-02 17:43:51,398 norm:batch
2025-07-02 17:43:51,398 bias:True
2025-07-02 17:43:51,398 n_filters:64
2025-07-02 17:43:51,398 n_blocks:28
2025-07-02 17:43:51,398 dropout:0.5
2025-07-02 17:43:51,398 use_dilation:True
2025-07-02 17:43:51,398 epsilon:0.2
2025-07-02 17:43:51,398 stochastic:True
2025-07-02 17:43:51,398 exp_name:PartnetSemanticSeg
2025-07-02 17:43:51,398 root_dir:log
2025-07-02 17:43:51,398 category_no:20
2025-07-02 17:43:51,398 device:cpu
2025-07-02 17:43:51,398 exp_dir:/home/yusuf/DeepPicking/deep_gcns_torch-master/examples/part_sem_seg/pretrained_partnet_ResGCN-28
2025-07-02 17:43:51,398 res_dir:/home/yusuf/DeepPicking/deep_gcns_torch-master/examples/part_sem_seg/pretrained_partnet_ResGCN-28/result/res/StorageFurniture
2025-07-02 17:43:51,398 loglevel:info
2025-07-02 17:43:51,398 ==========     args END    =============
2025-07-02 17:43:51,398 

2025-07-02 17:43:51,398 ===> Phase is test.
2025-07-02 17:43:51,399 ===> Creating dataloader ...
2025-07-02 17:43:54,293 ===> Loading the network ...
2025-07-02 17:43:54,335 ===> loading pre-trained ...
2025-07-02 17:43:54,335 ===> Loading checkpoint '/home/yusuf/DeepPicking/deep_gcns_torch-master/examples/part_sem_seg/pretrained_partnet_ResGCN-28/PartnetSemanticSeg-StorageFurniture-L3-res-edge-n28-C64-k9-drop0.5-lr0.005_B6-val_best_model.pth'
2025-07-02 17:43:54,459 The pretrained_model is at checkpoint 366.
2025-07-02 17:44:38,641 saving log, checkpoint and back up code in folder: /home/yusuf/DeepPicking/deep_gcns_torch-master/examples/part_sem_seg/pretrained_partnet_ResGCN-28
2025-07-02 17:44:38,641 ==========       args      =============
2025-07-02 17:44:38,641 phase:test
2025-07-02 17:44:38,641 use_cpu:False
2025-07-02 17:44:38,641 data_dir:/home/yusuf/DeepPicking/data/deepgcn/partnet
2025-07-02 17:44:38,642 dataset:sem_seg_h5
2025-07-02 17:44:38,642 category:StorageFurniture
2025-07-02 17:44:38,642 level:3
2025-07-02 17:44:38,642 batch_size:6
2025-07-02 17:44:38,642 test_batch_size:10
2025-07-02 17:44:38,642 in_channels:3
2025-07-02 17:44:38,642 data_augment:False
2025-07-02 17:44:38,642 total_epochs:1
2025-07-02 17:44:38,642 iter:-1
2025-07-02 17:44:38,642 lr_adjust_freq:50
2025-07-02 17:44:38,642 lr:0.005
2025-07-02 17:44:38,642 lr_decay_rate:0.9
2025-07-02 17:44:38,642 multi_gpus:False
2025-07-02 17:44:38,642 seed:3
2025-07-02 17:44:38,642 pretrained_model:/home/yusuf/DeepPicking/deep_gcns_torch-master/examples/part_sem_seg/pretrained_partnet_ResGCN-28/PartnetSemanticSeg-StorageFurniture-L3-res-edge-n28-C64-k9-drop0.5-lr0.005_B6-val_best_model.pth
2025-07-02 17:44:38,642 k:9
2025-07-02 17:44:38,642 block:res
2025-07-02 17:44:38,642 conv:edge
2025-07-02 17:44:38,642 act:relu
2025-07-02 17:44:38,642 norm:batch
2025-07-02 17:44:38,642 bias:True
2025-07-02 17:44:38,642 n_filters:64
2025-07-02 17:44:38,642 n_blocks:28
2025-07-02 17:44:38,642 dropout:0.5
2025-07-02 17:44:38,642 use_dilation:True
2025-07-02 17:44:38,642 epsilon:0.2
2025-07-02 17:44:38,642 stochastic:True
2025-07-02 17:44:38,642 exp_name:PartnetSemanticSeg
2025-07-02 17:44:38,642 root_dir:log
2025-07-02 17:44:38,642 category_no:20
2025-07-02 17:44:38,642 device:cpu
2025-07-02 17:44:38,642 exp_dir:/home/yusuf/DeepPicking/deep_gcns_torch-master/examples/part_sem_seg/pretrained_partnet_ResGCN-28
2025-07-02 17:44:38,642 res_dir:/home/yusuf/DeepPicking/deep_gcns_torch-master/examples/part_sem_seg/pretrained_partnet_ResGCN-28/result/res/StorageFurniture
2025-07-02 17:44:38,642 loglevel:info
2025-07-02 17:44:38,642 ==========     args END    =============
2025-07-02 17:44:38,642 

2025-07-02 17:44:38,642 ===> Phase is test.
2025-07-02 17:44:38,643 ===> Creating dataloader ...
2025-07-02 17:44:38,680 ===> Loading the network ...
2025-07-02 17:44:38,732 ===> loading pre-trained ...
2025-07-02 17:44:38,732 ===> Loading checkpoint '/home/yusuf/DeepPicking/deep_gcns_torch-master/examples/part_sem_seg/pretrained_partnet_ResGCN-28/PartnetSemanticSeg-StorageFurniture-L3-res-edge-n28-C64-k9-drop0.5-lr0.005_B6-val_best_model.pth'
2025-07-02 17:44:38,774 The pretrained_model is at checkpoint 366.
2025-07-02 19:23:31,990 ===> Finish Testing! Category 20-StorageFurniture, Part mIOU is 0.4727 


 
2025-07-02 19:30:43,801 saving log, checkpoint and back up code in folder: /home/yusuf/DeepPicking/deep_gcns_torch-master/examples/part_sem_seg/pretrained_partnet_ResGCN-28
2025-07-02 19:30:43,801 ==========       args      =============
2025-07-02 19:30:43,801 phase:test
2025-07-02 19:30:43,801 use_cpu:False
2025-07-02 19:30:43,801 data_dir:/home/yusuf/DeepPicking/data/deepgcn/partnet
2025-07-02 19:30:43,801 dataset:sem_seg_h5
2025-07-02 19:30:43,801 category:Lamp
2025-07-02 19:30:43,801 level:3
2025-07-02 19:30:43,801 batch_size:6
2025-07-02 19:30:43,801 test_batch_size:10
2025-07-02 19:30:43,801 in_channels:3
2025-07-02 19:30:43,801 data_augment:False
2025-07-02 19:30:43,801 total_epochs:1
2025-07-02 19:30:43,801 iter:-1
2025-07-02 19:30:43,801 lr_adjust_freq:50
2025-07-02 19:30:43,801 lr:0.005
2025-07-02 19:30:43,801 lr_decay_rate:0.9
2025-07-02 19:30:43,801 multi_gpus:False
2025-07-02 19:30:43,801 seed:3
2025-07-02 19:30:43,801 pretrained_model:/home/yusuf/DeepPicking/deep_gcns_torch-master/examples/part_sem_seg/pretrained_partnet_ResGCN-28/PartnetSemanticSeg-Lamp-L3-res-edge-n28-C64-k9-drop0.5-lr0.005_B6-val_best_model.pth_B6-val_best_model.pth
2025-07-02 19:30:43,801 k:9
2025-07-02 19:30:43,801 block:res
2025-07-02 19:30:43,801 conv:edge
2025-07-02 19:30:43,801 act:relu
2025-07-02 19:30:43,801 norm:batch
2025-07-02 19:30:43,801 bias:True
2025-07-02 19:30:43,801 n_filters:64
2025-07-02 19:30:43,802 n_blocks:28
2025-07-02 19:30:43,802 dropout:0.5
2025-07-02 19:30:43,802 use_dilation:True
2025-07-02 19:30:43,802 epsilon:0.2
2025-07-02 19:30:43,802 stochastic:True
2025-07-02 19:30:43,802 exp_name:PartnetSemanticSeg
2025-07-02 19:30:43,802 root_dir:log
2025-07-02 19:30:43,802 category_no:14
2025-07-02 19:30:43,802 device:cpu
2025-07-02 19:30:43,802 exp_dir:/home/yusuf/DeepPicking/deep_gcns_torch-master/examples/part_sem_seg/pretrained_partnet_ResGCN-28
2025-07-02 19:30:43,802 res_dir:/home/yusuf/DeepPicking/deep_gcns_torch-master/examples/part_sem_seg/pretrained_partnet_ResGCN-28/result/res/Lamp
2025-07-02 19:30:43,802 loglevel:info
2025-07-02 19:30:43,802 ==========     args END    =============
2025-07-02 19:30:43,802 

2025-07-02 19:30:43,802 ===> Phase is test.
2025-07-02 19:30:43,802 ===> Creating dataloader ...
2025-07-02 19:30:43,900 ===> Loading the network ...
2025-07-02 19:30:43,948 ===> loading pre-trained ...
2025-07-02 19:31:32,372 saving log, checkpoint and back up code in folder: /home/yusuf/DeepPicking/deep_gcns_torch-master/examples/part_sem_seg/pretrained_partnet_ResGCN-28
2025-07-02 19:31:32,372 ==========       args      =============
2025-07-02 19:31:32,372 phase:test
2025-07-02 19:31:32,372 use_cpu:False
2025-07-02 19:31:32,372 data_dir:/home/yusuf/DeepPicking/data/deepgcn/partnet
2025-07-02 19:31:32,372 dataset:sem_seg_h5
2025-07-02 19:31:32,372 category:Lamp
2025-07-02 19:31:32,372 level:3
2025-07-02 19:31:32,372 batch_size:6
2025-07-02 19:31:32,372 test_batch_size:10
2025-07-02 19:31:32,372 in_channels:3
2025-07-02 19:31:32,372 data_augment:False
2025-07-02 19:31:32,372 total_epochs:1
2025-07-02 19:31:32,372 iter:-1
2025-07-02 19:31:32,372 lr_adjust_freq:50
2025-07-02 19:31:32,372 lr:0.005
2025-07-02 19:31:32,372 lr_decay_rate:0.9
2025-07-02 19:31:32,373 multi_gpus:False
2025-07-02 19:31:32,373 seed:3
2025-07-02 19:31:32,373 pretrained_model:/home/yusuf/DeepPicking/deep_gcns_torch-master/examples/part_sem_seg/pretrained_partnet_ResGCN-28/PartnetSemanticSeg-Lamp-L3-res-edge-n28-C64-k9-drop0.5-lr0.005_B6-val_best_model.pth
2025-07-02 19:31:32,373 k:9
2025-07-02 19:31:32,373 block:res
2025-07-02 19:31:32,373 conv:edge
2025-07-02 19:31:32,373 act:relu
2025-07-02 19:31:32,373 norm:batch
2025-07-02 19:31:32,373 bias:True
2025-07-02 19:31:32,373 n_filters:64
2025-07-02 19:31:32,373 n_blocks:28
2025-07-02 19:31:32,373 dropout:0.5
2025-07-02 19:31:32,373 use_dilation:True
2025-07-02 19:31:32,373 epsilon:0.2
2025-07-02 19:31:32,373 stochastic:True
2025-07-02 19:31:32,373 exp_name:PartnetSemanticSeg
2025-07-02 19:31:32,373 root_dir:log
2025-07-02 19:31:32,373 category_no:14
2025-07-02 19:31:32,373 device:cpu
2025-07-02 19:31:32,373 exp_dir:/home/yusuf/DeepPicking/deep_gcns_torch-master/examples/part_sem_seg/pretrained_partnet_ResGCN-28
2025-07-02 19:31:32,373 res_dir:/home/yusuf/DeepPicking/deep_gcns_torch-master/examples/part_sem_seg/pretrained_partnet_ResGCN-28/result/res/Lamp
2025-07-02 19:31:32,373 loglevel:info
2025-07-02 19:31:32,373 ==========     args END    =============
2025-07-02 19:31:32,373 

2025-07-02 19:31:32,373 ===> Phase is test.
2025-07-02 19:31:32,373 ===> Creating dataloader ...
2025-07-02 19:31:32,409 ===> Loading the network ...
2025-07-02 19:31:32,461 ===> loading pre-trained ...
2025-07-02 19:31:32,461 ===> Loading checkpoint '/home/yusuf/DeepPicking/deep_gcns_torch-master/examples/part_sem_seg/pretrained_partnet_ResGCN-28/PartnetSemanticSeg-Lamp-L3-res-edge-n28-C64-k9-drop0.5-lr0.005_B6-val_best_model.pth'
2025-07-02 19:31:32,540 The pretrained_model is at checkpoint 348.
2025-07-02 21:03:29,542 ===> Finish Testing! Category 14-Lamp, Part mIOU is 0.2320 


 
