2025-06-27 08:21:25,427 saving log, checkpoint and back up code in folder: log/PartnetSemanticSeg-2-Bottle-L3-res-edge-n2-C64-k9-drop0.5-lr0.005_B6_20250627-082125_f4efa6d0-494e-4146-8959-ae03fe83b48b
2025-06-27 08:21:25,427 ==========       args      =============
2025-06-27 08:21:25,427 phase:train
2025-06-27 08:21:25,427 use_cpu:False
2025-06-27 08:21:25,427 data_dir:/home/yusuf/DeepPicking/data/deepgcn/partnet
2025-06-27 08:21:25,427 dataset:sem_seg_h5
2025-06-27 08:21:25,427 category:Bottle
2025-06-27 08:21:25,427 level:3
2025-06-27 08:21:25,427 batch_size:6
2025-06-27 08:21:25,427 test_batch_size:10
2025-06-27 08:21:25,427 in_channels:3
2025-06-27 08:21:25,427 data_augment:False
2025-06-27 08:21:25,427 total_epochs:1
2025-06-27 08:21:25,427 iter:-1
2025-06-27 08:21:25,427 lr_adjust_freq:50
2025-06-27 08:21:25,427 lr:0.005
2025-06-27 08:21:25,427 lr_decay_rate:0.9
2025-06-27 08:21:25,427 multi_gpus:False
2025-06-27 08:21:25,427 seed:3
2025-06-27 08:21:25,427 pretrained_model:
2025-06-27 08:21:25,427 k:9
2025-06-27 08:21:25,427 block:res
2025-06-27 08:21:25,427 conv:edge
2025-06-27 08:21:25,427 act:relu
2025-06-27 08:21:25,427 norm:batch
2025-06-27 08:21:25,427 bias:True
2025-06-27 08:21:25,427 n_filters:64
2025-06-27 08:21:25,427 n_blocks:2
2025-06-27 08:21:25,427 dropout:0.5
2025-06-27 08:21:25,427 use_dilation:True
2025-06-27 08:21:25,427 epsilon:0.2
2025-06-27 08:21:25,427 stochastic:True
2025-06-27 08:21:25,427 exp_name:PartnetSemanticSeg
2025-06-27 08:21:25,427 root_dir:log
2025-06-27 08:21:25,427 category_no:2
2025-06-27 08:21:25,427 device:cpu
2025-06-27 08:21:25,427 jobname:PartnetSemanticSeg-2-Bottle-L3-res-edge-n2-C64-k9-drop0.5-lr0.005_B6
2025-06-27 08:21:25,427 exp_dir:log/PartnetSemanticSeg-2-Bottle-L3-res-edge-n2-C64-k9-drop0.5-lr0.005_B6_20250627-082125_f4efa6d0-494e-4146-8959-ae03fe83b48b
2025-06-27 08:21:25,427 ckpt_dir:log/PartnetSemanticSeg-2-Bottle-L3-res-edge-n2-C64-k9-drop0.5-lr0.005_B6_20250627-082125_f4efa6d0-494e-4146-8959-ae03fe83b48b/checkpoint
2025-06-27 08:21:25,428 code_dir:log/PartnetSemanticSeg-2-Bottle-L3-res-edge-n2-C64-k9-drop0.5-lr0.005_B6_20250627-082125_f4efa6d0-494e-4146-8959-ae03fe83b48b/code
2025-06-27 08:21:25,428 writer:<torch.utils.tensorboard.writer.SummaryWriter object at 0x7ae72aea31f0>
2025-06-27 08:21:25,428 epoch:-1
2025-06-27 08:21:25,428 step:-1
2025-06-27 08:21:25,428 loglevel:info
2025-06-27 08:21:25,428 ==========     args END    =============
2025-06-27 08:21:25,428 

2025-06-27 08:21:25,428 ===> Phase is train.
2025-06-27 08:21:25,429 ===> Creating dataloader ...
2025-06-27 08:21:26,033 ===> Loading PartNet Category 2-Bottle, Semantic Segmentation level 3. Has classes 9
2025-06-27 08:21:26,033 ===> Loading the network ...
2025-06-27 08:21:26,053 ===> loading pre-trained ...
2025-06-27 08:21:26,053 ===> No pre-trained model
2025-06-27 08:21:26,054 ===> Init the optimizer ...
2025-06-27 08:21:26,054 ===> Init Metric ...
2025-06-27 08:21:26,054 ===> start training ...
