2025-06-27 08:28:41,838 saving log, checkpoint and back up code in folder: log/PartnetSemanticSeg-3-Bowl-L3-res-edge-n2-C64-k9-drop0.5-lr0.005_B6_20250627-082841_c7192b9a-015c-4f58-91a4-6fb3310718b6
2025-06-27 08:28:41,838 ==========       args      =============
2025-06-27 08:28:41,838 phase:train
2025-06-27 08:28:41,838 use_cpu:False
2025-06-27 08:28:41,838 data_dir:/home/yusuf/DeepPicking/data/deepgcn/partnet
2025-06-27 08:28:41,838 dataset:sem_seg_h5
2025-06-27 08:28:41,838 category:Bowl
2025-06-27 08:28:41,838 level:3
2025-06-27 08:28:41,838 batch_size:6
2025-06-27 08:28:41,838 test_batch_size:10
2025-06-27 08:28:41,838 in_channels:3
2025-06-27 08:28:41,838 data_augment:False
2025-06-27 08:28:41,838 total_epochs:1
2025-06-27 08:28:41,838 iter:-1
2025-06-27 08:28:41,838 lr_adjust_freq:50
2025-06-27 08:28:41,838 lr:0.005
2025-06-27 08:28:41,838 lr_decay_rate:0.9
2025-06-27 08:28:41,838 multi_gpus:False
2025-06-27 08:28:41,838 seed:3
2025-06-27 08:28:41,838 pretrained_model:
2025-06-27 08:28:41,838 k:9
2025-06-27 08:28:41,838 block:res
2025-06-27 08:28:41,838 conv:edge
2025-06-27 08:28:41,838 act:relu
2025-06-27 08:28:41,838 norm:batch
2025-06-27 08:28:41,838 bias:True
2025-06-27 08:28:41,838 n_filters:64
2025-06-27 08:28:41,838 n_blocks:2
2025-06-27 08:28:41,838 dropout:0.5
2025-06-27 08:28:41,838 use_dilation:True
2025-06-27 08:28:41,838 epsilon:0.2
2025-06-27 08:28:41,838 stochastic:True
2025-06-27 08:28:41,838 exp_name:PartnetSemanticSeg
2025-06-27 08:28:41,838 root_dir:log
2025-06-27 08:28:41,838 category_no:3
2025-06-27 08:28:41,838 device:cpu
2025-06-27 08:28:41,838 jobname:PartnetSemanticSeg-3-Bowl-L3-res-edge-n2-C64-k9-drop0.5-lr0.005_B6
2025-06-27 08:28:41,838 exp_dir:log/PartnetSemanticSeg-3-Bowl-L3-res-edge-n2-C64-k9-drop0.5-lr0.005_B6_20250627-082841_c7192b9a-015c-4f58-91a4-6fb3310718b6
2025-06-27 08:28:41,838 ckpt_dir:log/PartnetSemanticSeg-3-Bowl-L3-res-edge-n2-C64-k9-drop0.5-lr0.005_B6_20250627-082841_c7192b9a-015c-4f58-91a4-6fb3310718b6/checkpoint
2025-06-27 08:28:41,838 code_dir:log/PartnetSemanticSeg-3-Bowl-L3-res-edge-n2-C64-k9-drop0.5-lr0.005_B6_20250627-082841_c7192b9a-015c-4f58-91a4-6fb3310718b6/code
2025-06-27 08:28:41,838 writer:<torch.utils.tensorboard.writer.SummaryWriter object at 0x71bf7a113100>
2025-06-27 08:28:41,838 epoch:-1
2025-06-27 08:28:41,838 step:-1
2025-06-27 08:28:41,838 loglevel:info
2025-06-27 08:28:41,838 ==========     args END    =============
2025-06-27 08:28:41,838 

2025-06-27 08:28:41,839 ===> Phase is train.
2025-06-27 08:28:41,840 ===> Creating dataloader ...
