2025-07-02 22:12:29,938 saving log, checkpoint and back up code in folder: /home/yusuf/DeepPicking/deep_gcns_torch-master/examples/part_sem_seg/log
2025-07-02 22:12:29,938 ==========       args      =============
2025-07-02 22:12:29,938 phase:test
2025-07-02 22:12:29,938 use_cpu:False
2025-07-02 22:12:29,938 data_dir:/home/yusuf/DeepPicking/data/deepgcn/partnet
2025-07-02 22:12:29,938 dataset:sem_seg_h5
2025-07-02 22:12:29,938 category:Bed
2025-07-02 22:12:29,938 level:3
2025-07-02 22:12:29,938 batch_size:6
2025-07-02 22:12:29,938 test_batch_size:10
2025-07-02 22:12:29,938 in_channels:3
2025-07-02 22:12:29,938 data_augment:False
2025-07-02 22:12:29,938 total_epochs:1
2025-07-02 22:12:29,938 iter:-1
2025-07-02 22:12:29,938 lr_adjust_freq:50
2025-07-02 22:12:29,938 lr:0.005
2025-07-02 22:12:29,938 lr_decay_rate:0.9
2025-07-02 22:12:29,938 multi_gpus:False
2025-07-02 22:12:29,938 seed:3
2025-07-02 22:12:29,938 pretrained_model:/home/yusuf/DeepPicking/deep_gcns_torch-master/examples/part_sem_seg/log/PartnetSemanticSeg-1-Bed-L3-res-edge-n2-C64-k9-drop0.5-lr0.005_B6_20250626-214704_1751555d-b98d-43a5-b7e2-7da2211f1d05
2025-07-02 22:12:29,938 k:9
2025-07-02 22:12:29,938 block:res
2025-07-02 22:12:29,939 conv:edge
2025-07-02 22:12:29,939 act:relu
2025-07-02 22:12:29,939 norm:batch
2025-07-02 22:12:29,939 bias:True
2025-07-02 22:12:29,939 n_filters:64
2025-07-02 22:12:29,939 n_blocks:28
2025-07-02 22:12:29,939 dropout:0.5
2025-07-02 22:12:29,939 use_dilation:True
2025-07-02 22:12:29,939 epsilon:0.2
2025-07-02 22:12:29,939 stochastic:True
2025-07-02 22:12:29,939 exp_name:PartnetSemanticSeg
2025-07-02 22:12:29,939 root_dir:log
2025-07-02 22:12:29,939 category_no:1
2025-07-02 22:12:29,939 device:cpu
2025-07-02 22:12:29,939 exp_dir:/home/yusuf/DeepPicking/deep_gcns_torch-master/examples/part_sem_seg/log
2025-07-02 22:12:29,939 res_dir:/home/yusuf/DeepPicking/deep_gcns_torch-master/examples/part_sem_seg/log/result/res/Bed
2025-07-02 22:12:29,939 loglevel:info
2025-07-02 22:12:29,939 ==========     args END    =============
2025-07-02 22:12:29,939 

2025-07-02 22:12:29,939 ===> Phase is test.
2025-07-02 22:12:29,939 ===> Creating dataloader ...
2025-07-02 22:12:29,953 ===> Loading the network ...
2025-07-02 22:12:30,003 ===> loading pre-trained ...
